<?xml version="1.0" encoding="UTF-8"?>
<testsuite xmlns:xsi="http://www.w3.org/2001/XMLSchema-instance" xsi:schemaLocation="https://maven.apache.org/surefire/maven-surefire-plugin/xsd/surefire-test-report.xsd" name="com.botlogic.speech.SpeechTest" time="8.056" tests="1" errors="1" skipped="0" failures="0">
  <properties>
    <property name="java.runtime.name" value="Java(TM) SE Runtime Environment"/>
    <property name="sun.boot.library.path" value="/usr/lib/jvm/java-8-oracle/jre/lib/amd64"/>
    <property name="java.vm.version" value="25.101-b13"/>
    <property name="java.vm.vendor" value="Oracle Corporation"/>
    <property name="java.vendor.url" value="http://java.oracle.com/"/>
    <property name="path.separator" value=":"/>
    <property name="guice.disable.misplaced.annotation.check" value="true"/>
    <property name="java.vm.name" value="Java HotSpot(TM) 64-Bit Server VM"/>
    <property name="file.encoding.pkg" value="sun.io"/>
    <property name="user.country" value="US"/>
    <property name="sun.java.launcher" value="SUN_STANDARD"/>
    <property name="sun.os.patch.level" value="unknown"/>
    <property name="java.vm.specification.name" value="Java Virtual Machine Specification"/>
    <property name="user.dir" value="/home/jorge/workspace/BotLogic"/>
    <property name="java.runtime.version" value="1.8.0_101-b13"/>
    <property name="java.awt.graphicsenv" value="sun.awt.X11GraphicsEnvironment"/>
    <property name="java.endorsed.dirs" value="/usr/lib/jvm/java-8-oracle/jre/lib/endorsed"/>
    <property name="os.arch" value="amd64"/>
    <property name="java.io.tmpdir" value="/tmp"/>
    <property name="line.separator" value="&#10;"/>
    <property name="java.vm.specification.vendor" value="Oracle Corporation"/>
    <property name="os.name" value="Linux"/>
    <property name="classworlds.conf" value="/usr/share/maven3/bin/m2.conf"/>
    <property name="sun.jnu.encoding" value="UTF-8"/>
    <property name="java.library.path" value="/usr/java/packages/lib/amd64:/usr/lib64:/lib64:/lib:/usr/lib"/>
    <property name="java.specification.name" value="Java Platform API Specification"/>
    <property name="java.class.version" value="52.0"/>
    <property name="sun.management.compiler" value="HotSpot 64-Bit Tiered Compilers"/>
    <property name="os.version" value="3.13.0-92-generic"/>
    <property name="user.home" value="/home/jorge"/>
    <property name="user.timezone" value="Europe/Madrid"/>
    <property name="java.awt.printerjob" value="sun.print.PSPrinterJob"/>
    <property name="file.encoding" value="UTF-8"/>
    <property name="java.specification.version" value="1.8"/>
    <property name="user.name" value="jorge"/>
    <property name="java.class.path" value="/usr/share/maven3/boot/plexus-classworlds-2.5.1.jar"/>
    <property name="org.slf4j.simpleLogger.defaultLogLevel" value="info"/>
    <property name="java.vm.specification.version" value="1.8"/>
    <property name="sun.arch.data.model" value="64"/>
    <property name="java.home" value="/usr/lib/jvm/java-8-oracle/jre"/>
    <property name="sun.java.command" value="org.codehaus.plexus.classworlds.launcher.Launcher clean install"/>
    <property name="java.specification.vendor" value="Oracle Corporation"/>
    <property name="user.language" value="en"/>
    <property name="awt.toolkit" value="sun.awt.X11.XToolkit"/>
    <property name="java.vm.info" value="mixed mode"/>
    <property name="java.version" value="1.8.0_101"/>
    <property name="java.ext.dirs" value="/usr/lib/jvm/java-8-oracle/jre/lib/ext:/usr/java/packages/lib/ext"/>
    <property name="securerandom.source" value="file:/dev/./urandom"/>
    <property name="sun.boot.class.path" value="/usr/lib/jvm/java-8-oracle/jre/lib/resources.jar:/usr/lib/jvm/java-8-oracle/jre/lib/rt.jar:/usr/lib/jvm/java-8-oracle/jre/lib/sunrsasign.jar:/usr/lib/jvm/java-8-oracle/jre/lib/jsse.jar:/usr/lib/jvm/java-8-oracle/jre/lib/jce.jar:/usr/lib/jvm/java-8-oracle/jre/lib/charsets.jar:/usr/lib/jvm/java-8-oracle/jre/lib/jfr.jar:/usr/lib/jvm/java-8-oracle/jre/classes"/>
    <property name="java.vendor" value="Oracle Corporation"/>
    <property name="maven.home" value="/usr/share/maven3"/>
    <property name="file.separator" value="/"/>
    <property name="java.vendor.url.bug" value="http://bugreport.sun.com/bugreport/"/>
    <property name="sun.cpu.endian" value="little"/>
    <property name="sun.io.unicode.encoding" value="UnicodeLittle"/>
    <property name="sun.cpu.isalist" value=""/>
  </properties>
  <testcase name="test" classname="com.botlogic.speech.SpeechTest" time="5.773">
    <error message="Errors in the request: Response: InboundJaxrsResponse{context=ClientResponse{method=POST, uri=https://speech.googleapis.com/v1beta1/speech:syncrecognize?key=AIzaSyAcHVG7M1W4tjeJNf3FzUdvLq9uT-XYHzc, status=400, reason=Bad Request}}. Content: {error={code=400, message=Invalid FLAC header: incorrect FLAC marker., status=INVALID_ARGUMENT}}" type="java.lang.IllegalAccessException">java.lang.IllegalAccessException: Errors in the request: Response: InboundJaxrsResponse{context=ClientResponse{method=POST, uri=https://speech.googleapis.com/v1beta1/speech:syncrecognize?key=AIzaSyAcHVG7M1W4tjeJNf3FzUdvLq9uT-XYHzc, status=400, reason=Bad Request}}. Content: {error={code=400, message=Invalid FLAC header: incorrect FLAC marker., status=INVALID_ARGUMENT}}
	at com.botlogic.speech.SpeechTest.test(SpeechTest.java:28)
</error>
    <system-out><![CDATA[2016-08-14 19:24:39,762 main DEBUG Initializing configuration XmlConfiguration[location=/home/jorge/workspace/BotLogic/target/test-classes/log4j2.xml]
2016-08-14 19:24:39,773 main DEBUG Installed script engines
2016-08-14 19:24:40,744 main DEBUG Oracle Nashorn Version: 1.8.0_101, Language: ECMAScript, Threading: Not Thread Safe, Compile: true, Names: {nashorn, Nashorn, js, JS, JavaScript, javascript, ECMAScript, ecmascript}
2016-08-14 19:24:40,746 main DEBUG PluginManager 'Core' found 99 plugins
2016-08-14 19:24:40,748 main DEBUG PluginManager 'Level' found 0 plugins
2016-08-14 19:24:40,766 main DEBUG No scheduled items
2016-08-14 19:24:40,768 main DEBUG PluginManager 'Lookup' found 13 plugins
2016-08-14 19:24:40,775 main DEBUG Building Plugin[name=layout, class=org.apache.logging.log4j.core.layout.PatternLayout].
2016-08-14 19:24:40,818 main DEBUG PluginManager 'TypeConverter' found 23 plugins
2016-08-14 19:24:40,866 main DEBUG PatternLayout$Builder(pattern="%d{HH:mm:ss.SSS} [%t] %-5level %logger{36} - %msg%n", PatternSelector=null, Configuration(/home/jorge/workspace/BotLogic/target/test-classes/log4j2.xml), Replace=null, charset="null", alwaysWriteExceptions="null", noConsoleNoAnsi="null", header="null", footer="null")
2016-08-14 19:24:40,868 main DEBUG PluginManager 'Converter' found 41 plugins
2016-08-14 19:24:40,873 main DEBUG Building Plugin[name=appender, class=org.apache.logging.log4j.core.appender.ConsoleAppender].
2016-08-14 19:24:40,879 main INFO Log4j appears to be running in a Servlet environment, but there's no log4j-web module available. If you want better web container support, please add the log4j-web JAR to your web archive or server lib directory.
2016-08-14 19:24:40,881 main DEBUG PluginManager 'Converter' found 41 plugins
2016-08-14 19:24:40,885 main DEBUG Starting OutputStreamManager SYSTEM_OUT.false.false-2
2016-08-14 19:24:40,916 main DEBUG ConsoleAppender$Builder(PatternLayout(%d{HH:mm:ss.SSS} [%t] %-5level %logger{36} - %msg%n), Filter=null, target="null", name="Console", follow="null", direct="null", ignoreExceptions="null")
2016-08-14 19:24:40,918 main DEBUG Starting OutputStreamManager SYSTEM_OUT.false.false
2016-08-14 19:24:40,919 main DEBUG Building Plugin[name=appenders, class=org.apache.logging.log4j.core.config.AppendersPlugin].
2016-08-14 19:24:40,927 main DEBUG createAppenders(={Console})
2016-08-14 19:24:40,929 main DEBUG Building Plugin[name=AppenderRef, class=org.apache.logging.log4j.core.config.AppenderRef].
2016-08-14 19:24:40,959 main DEBUG createAppenderRef(ref="Console", level="null", Filter=null)
2016-08-14 19:24:40,963 main DEBUG Building Plugin[name=root, class=org.apache.logging.log4j.core.config.LoggerConfig$RootLogger].
2016-08-14 19:24:40,970 main DEBUG createLogger(additivity="null", level="DEBUG", includeLocation="null", ={Console}, ={}, Configuration(/home/jorge/workspace/BotLogic/target/test-classes/log4j2.xml), Filter=null)
2016-08-14 19:24:40,978 main DEBUG Building Plugin[name=loggers, class=org.apache.logging.log4j.core.config.LoggersPlugin].
2016-08-14 19:24:40,982 main DEBUG createLoggers(={root})
2016-08-14 19:24:40,984 main DEBUG Configuration XmlConfiguration[location=/home/jorge/workspace/BotLogic/target/test-classes/log4j2.xml] initialized
2016-08-14 19:24:40,986 main DEBUG Starting configuration XmlConfiguration[location=/home/jorge/workspace/BotLogic/target/test-classes/log4j2.xml]
2016-08-14 19:24:40,989 main DEBUG Started configuration XmlConfiguration[location=/home/jorge/workspace/BotLogic/target/test-classes/log4j2.xml] OK.
2016-08-14 19:24:40,993 main DEBUG Shutting down OutputStreamManager SYSTEM_OUT.false.false-1
2016-08-14 19:24:41,000 main DEBUG Stopped org.apache.logging.log4j.core.config.DefaultConfiguration@59a6e353 OK
2016-08-14 19:24:41,200 main DEBUG Registering MBean org.apache.logging.log4j2:type=6bc7c054
2016-08-14 19:24:41,211 main DEBUG Registering MBean org.apache.logging.log4j2:type=6bc7c054,component=StatusLogger
2016-08-14 19:24:41,217 main DEBUG Registering MBean org.apache.logging.log4j2:type=6bc7c054,component=ContextSelector
2016-08-14 19:24:41,223 main DEBUG Registering MBean org.apache.logging.log4j2:type=6bc7c054,component=Loggers,name=
2016-08-14 19:24:41,227 main DEBUG Registering MBean org.apache.logging.log4j2:type=6bc7c054,component=Appenders,name=Console
2016-08-14 19:24:41,238 main DEBUG Reconfiguration complete for context[name=6bc7c054] at URI /home/jorge/workspace/BotLogic/target/test-classes/log4j2.xml (org.apache.logging.log4j.core.LoggerContext@ed7f8b4) with optional ClassLoader: null
2016-08-14 19:24:41,238 main DEBUG Shutdown hook enabled. Registering a new one.
2016-08-14 19:24:41,245 main DEBUG LoggerContext[name=6bc7c054, org.apache.logging.log4j.core.LoggerContext@ed7f8b4] started OK.
19:24:41.393 [main] DEBUG com.botlogic.speech.SpeechSync - Sending: SpeechDtoIn [config=RecognitionConfig [encoding=FLAC, sampleRate=44100, languageCode=en-us, maxAlternatives=1, profanityFilter=false, speechContext=null], audio=RecognitionAudio [content=CgoKCjwhRE9DVFlQRSBodG1sPgo8aHRtbCBsYW5nPSJlbiIgY2xhc3M9IiBpcy1jb3B5LWVuYWJsZWQiPgogIDxoZWFkIHByZWZpeD0ib2c6IGh0dHA6Ly9vZ3AubWUvbnMjIGZiOiBodHRwOi8vb2dwLm1lL25zL2ZiIyBvYmplY3Q6IGh0dHA6Ly9vZ3AubWUvbnMvb2JqZWN0IyBhcnRpY2xlOiBodHRwOi8vb2dwLm1lL25zL2FydGljbGUjIHByb2ZpbGU6IGh0dHA6Ly9vZ3AubWUvbnMvcHJvZmlsZSMiPgogICAgPG1ldGEgY2hhcnNldD0ndXRmLTgnPgogICAgCgogICAgPGxpbmsgY3Jvc3NvcmlnaW49ImFub255bW91cyIgaHJlZj0iaHR0cHM6Ly9hc3NldHMtY2RuLmdpdGh1Yi5jb20vYXNzZXRzL2ZyYW1ld29ya3MtYmU0YzZlMGU0NzlhMmQ0ZDBlYjMxNTljODc3MmI1YmZjNGFhMzk4MzFjYjI4ZjVmOTJjYzJlNDQ4ZDkzZWFhMS5jc3MiIGludGVncml0eT0ic2hhMjU2LXZreHVEa2VhTFUwT3N4V2NoM0sxdjhTcU9ZTWNzbzlma3N3dVJJMlQ2cUU9IiBtZWRpYT0iYWxsIiByZWw9InN0eWxlc2hlZXQiIC8+CiAgICA8bGluayBjcm9zc29yaWdpbj0iYW5vbnltb3VzIiBocmVmPSJodHRwczovL2Fzc2V0cy1jZG4uZ2l0aHViLmNvbS9hc3NldHMvZ2l0aHViLTA5ZTZkZDVhMjlhYWZkZmU3ODQzOTdhZDlkMjQwOGEwODBmNjkyYjdhNmNjYWZmOTg2YjZlYjVhNGU5NWFkMmUuY3NzIiBpbnRlZ3JpdHk9InNoYTI1Ni1DZWJkV2ltcS9mNTRRNWV0blNRSW9JRDJrcmVteksvNWhyYnJXazZWclM0PSIgbWVkaWE9ImFsbCIgcmVsPSJzdHlsZXNoZWV0IiAvPgogICAgCiAgICAKICAgIAogICAgCgogICAgPGxpbmsgYXM9InNjcmlwdCIgaHJlZj0iaHR0cHM6Ly9hc3NldHMtY2RuLmdpdGh1Yi5jb20vYXNzZXRzL2ZyYW1ld29ya3MtZTQ3M2Q1NDI0ZmZhY2U2OTdiZTQwYmQ0NmViODc3MDI3YjNlY2RjNThmMjY2ZmVkMzMwYjQwMjQxM2RmMzBkNS5qcyIgcmVsPSJwcmVsb2FkIiAvPgogICAgCiAgICA8bGluayBhcz0ic2NyaXB0IiBocmVmPSJodHRwczovL2Fzc2V0cy1jZG4uZ2l0aHViLmNvbS9hc3NldHMvZ2l0aHViLTVhMDU1MzlhMmFiMDRmMTBhYmQyODc5NTQ2ZGI1ODg4MmQ3NGUyNzg5YjAxNjRhMjNhYzRiZmRiNDMxYTQ2MWYuanMiIHJlbD0icHJlbG9hZCIgLz4KCiAgICA8bWV0YSBodHRwLWVxdWl2PSJYLVVBLUNvbXBhdGlibGUiIGNvbnRlbnQ9IklFPWVkZ2UiPgogICAgPG1ldGEgaHR0cC1lcXVpdj0iQ29udGVudC1MYW5ndWFnZSIgY29udGVudD0iZW4iPgogICAgPG1ldGEgbmFtZT0idmlld3BvcnQiIGNvbnRlbnQ9IndpZHRoPWRldmljZS13aWR0aCI+CiAgICAKICAgIDx0aXRsZT5nb29nbGUtc3BlZWNoLXYyL2dvb2QtbW9ybmluZy1nb29nbGUuZmxhYyBhdCBtYXN0ZXIgwrcgZ2lsbGVzZGVtZXkvZ29vZ2xlLXNwZWVjaC12MjwvdGl0bGU+CiAgICA8bGluayByZWw9InNlYXJjaCIgdHlwZT0iYXBwbGljYXRpb24vb3BlbnNlYXJjaGRlc2NyaXB0aW9uK3htbCIgaHJlZj0iL29wZW5zZWFyY2gueG1sIiB0aXRsZT0iR2l0SHViIj4KICAgIDxsaW5rIHJlbD0iZmx1aWQtaWNvbiIgaHJlZj0iaHR0cHM6Ly9naXRodWIuY29tL2ZsdWlkaWNvbi5wbmciIHRpdGxlPSJHaXRIdWIiPgogICAgPGxpbmsgcmVsPSJhcHBsZS10b3VjaC1pY29uIiBocmVmPSIvYXBwbGUtdG91Y2gtaWNvbi5wbmciPgogICAgPGxpbmsgcmVsPSJhcHBsZS10b3VjaC1pY29uIiBzaXplcz0iNTd4NTciIGhyZWY9Ii9hcHBsZS10b3VjaC1pY29uLTU3eDU3LnBuZyI+CiAgICA8bGluayByZWw9ImFwcGxlLXRvdWNoLWljb24iIHNpemVzPSI2MHg2MCIgaHJlZj0iL2FwcGxlLXRvdWNoLWljb24tNjB4NjAucG5nIj4KICAgIDxsaW5rIHJlbD0iYXBwbGUtdG91Y2gtaWNvbiIgc2l6ZXM9IjcyeDcyIiBocmVmPSIvYXBwbGUtdG91Y2gtaWNvbi03Mng3Mi5wbmciPgogICAgPGxpbmsgcmVsPSJhcHBsZS10b3VjaC1pY29uIiBzaXplcz0iNzZ4NzYiIGhyZWY9Ii9hcHBsZS10b3VjaC1pY29uLTc2eDc2LnBuZyI+CiAgICA8bGluayByZWw9ImFwcGxlLXRvdWNoLWljb24iIHNpemVzPSIxMTR4MTE0IiBocmVmPSIvYXBwbGUtdG91Y2gtaWNvbi0xMTR4MTE0LnBuZyI+CiAgICA8bGluayByZWw9ImFwcGxlLXRvdWNoLWljb24iIHNpemVzPSIxMjB4MTIwIiBocmVmPSIvYXBwbGUtdG91Y2gtaWNvbi0xMjB4MTIwLnBuZyI+CiAgICA8bGluayByZWw9ImFwcGxlLXRvdWNoLWljb24iIHNpemVzPSIxNDR4MTQ0IiBocmVmPSIvYXBwbGUtdG91Y2gtaWNvbi0xNDR4MTQ0LnBuZyI+CiAgICA8bGluayByZWw9ImFwcGxlLXRvdWNoLWljb24iIHNpemVzPSIxNTJ4MTUyIiBocmVmPSIvYXBwbGUtdG91Y2gtaWNvbi0xNTJ4MTUyLnBuZyI+CiAgICA8bGluayByZWw9ImFwcGxlLXRvdWNoLWljb24iIHNpemVzPSIxODB4MTgwIiBocmVmPSIvYXBwbGUtdG91Y2gtaWNvbi0xODB4MTgwLnBuZyI+CiAgICA8bWV0YSBwcm9wZXJ0eT0iZmI6YXBwX2lkIiBjb250ZW50PSIxNDAxNDg4NjkzNDM2NTI4Ij4KCiAgICAgIDxtZXRhIGNvbnRlbnQ9Imh0dHBzOi8vYXZhdGFyczEuZ2l0aHVidXNlcmNvbnRlbnQuY29tL3UvODY4ODQ0P3Y9MyZhbXA7cz00MDAiIG5hbWU9InR3aXR0ZXI6aW1hZ2U6c3JjIiAvPjxtZXRhIGNvbnRlbnQ9IkBnaXRodWIiIG5hbWU9InR3aXR0ZXI6c2l0ZSIgLz48bWV0YSBjb250ZW50PSJzdW1tYXJ5IiBuYW1lPSJ0d2l0dGVyOmNhcmQiIC8+PG1ldGEgY29udGVudD0iZ2lsbGVzZGVtZXkvZ29vZ2xlLXNwZWVjaC12MiIgbmFtZT0idHdpdHRlcjp0aXRsZSIgLz48bWV0YSBjb250ZW50PSJnb29nbGUtc3BlZWNoLXYyIC0gOnNwZWVjaF9iYWxsb29uOiBSZXZlcnNlIEVuZ2luZWVyaW5nIEdvb2dsZSYjMzk7cyBTcGVlY2ggVG8gVGV4dCBBUEkgKHYyKSIgbmFtZT0idHdpdHRlcjpkZXNjcmlwdGlvbiIgLz4KICAgICAgPG1ldGEgY29udGVudD0iaHR0cHM6Ly9hdmF0YXJzMS5naXRodWJ1c2VyY29udGVudC5jb20vdS84Njg4NDQ/dj0zJmFtcDtzPTQwMCIgcHJvcGVydHk9Im9nOmltYWdlIiAvPjxtZXRhIGNvbnRlbnQ9IkdpdEh1YiIgcHJvcGVydHk9Im9nOnNpdGVfbmFtZSIgLz48bWV0YSBjb250ZW50PSJvYmplY3QiIHByb3BlcnR5PSJvZzp0eXBlIiAvPjxtZXRhIGNvbnRlbnQ9ImdpbGxlc2RlbWV5L2dvb2dsZS1zcGVlY2gtdjIiIHByb3BlcnR5PSJvZzp0aXRsZSIgLz48bWV0YSBjb250ZW50PSJodHRwczovL2dpdGh1Yi5jb20vZ2lsbGVzZGVtZXkvZ29vZ2xlLXNwZWVjaC12MiIgcHJvcGVydHk9Im9nOnVybCIgLz48bWV0YSBjb250ZW50PSJnb29nbGUtc3BlZWNoLXYyIC0gOnNwZWVjaF9iYWxsb29uOiBSZXZlcnNlIEVuZ2luZWVyaW5nIEdvb2dsZSYjMzk7cyBTcGVlY2ggVG8gVGV4dCBBUEkgKHYyKSIgcHJvcGVydHk9Im9nOmRlc2NyaXB0aW9uIiAvPgogICAgICA8bWV0YSBuYW1lPSJicm93c2VyLXN0YXRzLXVybCIgY29udGVudD0iaHR0cHM6Ly9hcGkuZ2l0aHViLmNvbS9fcHJpdmF0ZS9icm93c2VyL3N0YXRzIj4KICAgIDxtZXRhIG5hbWU9ImJyb3dzZXItZXJyb3JzLXVybCIgY29udGVudD0iaHR0cHM6Ly9hcGkuZ2l0aHViLmNvbS9fcHJpdmF0ZS9icm93c2VyL2Vycm9ycyI+CiAgICA8bGluayByZWw9ImFzc2V0cyIgaHJlZj0iaHR0cHM6Ly9hc3NldHMtY2RuLmdpdGh1Yi5jb20vIj4KICAgIDxsaW5rIHJlbD0id2ViLXNvY2tldCIgaHJlZj0id3NzOi8vbGl2ZS5naXRodWIuY29tL19zb2NrZXRzL05EY3pOakk0TXpvMFlXRXpaVEU0WWpNMU16RXlNbUUxT0RrNVlqUTBPRGhsWXpaak1UQTJOem8yTVdSa05EaGhOakEzTTJZeFptVTVNbUZrWVdFNU1qQm1PR0V5TXpGaE5qaGtOV1poTVRNM05tVm1aREJrT0RnMFlXVTRZamMwTUdJMU1HVmtaREU0LS1jZTllMWFlNDNlYWUxNWQ4NmJjZTYwYmU3N2NmOTliMjVjNDc3ZGQ0Ij4KICAgIDxtZXRhIG5hbWU9InBqYXgtdGltZW91dCIgY29udGVudD0iMTAwMCI+CiAgICA8bGluayByZWw9InN1ZG8tbW9kYWwiIGhyZWY9Ii9zZXNzaW9ucy9zdWRvX21vZGFsIj4KICAgIDxtZXRhIG5hbWU9InJlcXVlc3QtaWQiIGNvbnRlbnQ9IjZENTFEMjVFOjM5MjQ6NTBBNUM3NTo1N0IwQTMzMyIgZGF0YS1wamF4LXRyYW5zaWVudD4KCiAgICA8bWV0YSBuYW1lPSJtc2FwcGxpY2F0aW9uLVRpbGVJbWFnZSIgY29udGVudD0iL3dpbmRvd3MtdGlsZS5wbmciPgogICAgPG1ldGEgbmFtZT0ibXNhcHBsaWNhdGlvbi1UaWxlQ29sb3IiIGNvbnRlbnQ9IiNmZmZmZmYiPgogICAgPG1ldGEgbmFtZT0ic2VsZWN0ZWQtbGluayIgdmFsdWU9InJlcG9fc291cmNlIiBkYXRhLXBqYXgtdHJhbnNpZW50PgoKICAgIDxtZXRhIG5hbWU9Imdvb2dsZS1zaXRlLXZlcmlmaWNhdGlvbiIgY29udGVudD0iS1Q1Z3M4aDB3dmFhZ0xLQVZXcThiYmVOd25aWksxcjFYUXlzWDN4dXJMVSI+CjxtZXRhIG5hbWU9Imdvb2dsZS1zaXRlLXZlcmlmaWNhdGlvbiIgY29udGVudD0iWnpoVnlFRndiN3czZTAtdU9UbHRtOEpzY2syRjVTdFZpaEQwZXh3MmZzQSI+CiAgICA8bWV0YSBuYW1lPSJnb29nbGUtYW5hbHl0aWNzIiBjb250ZW50PSJVQS0zNzY5NjkxLTIiPgoKPG1ldGEgY29udGVudD0iY29sbGVjdG9yLmdpdGh1YmFwcC5jb20iIG5hbWU9Im9jdG9seXRpY3MtaG9zdCIgLz48bWV0YSBjb250ZW50PSJnaXRodWIiIG5hbWU9Im9jdG9seXRpY3MtYXBwLWlkIiAvPjxtZXRhIGNvbnRlbnQ9IjZENTFEMjVFOjM5MjQ6NTBBNUM3NTo1N0IwQTMzMyIgbmFtZT0ib2N0b2x5dGljcy1kaW1lbnNpb24tcmVxdWVzdF9pZCIgLz48bWV0YSBjb250ZW50PSI0NzM2MjgzIiBuYW1lPSJvY3RvbHl0aWNzLWFjdG9yLWlkIiAvPjxtZXRhIGNvbnRlbnQ9ImpiZXNjb3MiIG5hbWU9Im9jdG9seXRpY3MtYWN0b3ItbG9naW4iIC8+PG1ldGEgY29udGVudD0iZmMyODQ3Yjc3ZTA0NDc0YzliNjNkMGJmODNhODE1NWI0ODE0NTJjMDljZWVhYjBmZjc0OGFhYTkxNzI0ZjM3NSIgbmFtZT0ib2N0b2x5dGljcy1hY3Rvci1oYXNoIiAvPgo8bWV0YSBjb250ZW50PSIvJmx0O3VzZXItbmFtZSZndDsvJmx0O3JlcG8tbmFtZSZndDsvYmxvYi9zaG93IiBkYXRhLXBqYXgtdHJhbnNpZW50PSJ0cnVlIiBuYW1lPSJhbmFseXRpY3MtbG9jYXRpb24iIC8+CgoKCiAgPG1ldGEgY2xhc3M9ImpzLWdhLXNldCIgbmFtZT0iZGltZW5zaW9uMSIgY29udGVudD0iTG9nZ2VkIEluIj4KCgoKICAgICAgICA8bWV0YSBuYW1lPSJob3N0bmFtZSIgY29udGVudD0iZ2l0aHViLmNvbSI+CiAgICA8bWV0YSBuYW1lPSJ1c2VyLWxvZ2luIiBjb250ZW50PSJqYmVzY29zIj4KCiAgICAgICAgPG1ldGEgbmFtZT0iZXhwZWN0ZWQtaG9zdG5hbWUiIGNvbnRlbnQ9ImdpdGh1Yi5jb20iPgogICAgICA8bWV0YSBuYW1lPSJqcy1wcm94eS1zaXRlLWRldGVjdGlvbi1wYXlsb2FkIiBjb250ZW50PSJOR05pTWpKaU1UVXpORFUxTXpkallqTXhabVEyT0RZMk5tSTVOekk1WW1ZM1lXVXpORGt6TldVd09UWmpaVFUxTldVNU5UY3pOalV4T0RGbU9HWmlNbng3SW5KbGJXOTBaVjloWkdSeVpYTnpJam9pTVRBNUxqZ3hMakl4TUM0NU5DSXNJbkpsY1hWbGMzUmZhV1FpT2lJMlJEVXhSREkxUlRvek9USTBPalV3UVRWRE56VTZOVGRDTUVFek16TWlMQ0owYVcxbGMzUmhiWEFpT2pFME56RXhPVE01TVROOSI+CgoKICAgICAgPGxpbmsgcmVsPSJtYXNrLWljb24iIGhyZWY9Imh0dHBzOi8vYXNzZXRzLWNkbi5naXRodWIuY29tL3Bpbm5lZC1vY3RvY2F0LnN2ZyIgY29sb3I9IiM0MDc4YzAiPgogICAgICA8bGluayByZWw9Imljb24iIHR5cGU9ImltYWdlL3gtaWNvbiIgaHJlZj0iaHR0cHM6Ly9hc3NldHMtY2RuLmdpdGh1Yi5jb20vZmF2aWNvbi5pY28iPgoKICAgIDxtZXRhIG5hbWU9Imh0bWwtc2FmZS1ub25jZSIgY29udGVudD0iZjQwMGZhYWNmYmQ2OGJmYzY4ZjBmYTUyYzBlZTk1MDIyNTcxM2U2NyI+CiAgICA8bWV0YSBjb250ZW50PSJlMzZkNzkyNTY3MzA4NTE5OGExOTI5ZWIzYjY2OGU4Yzk4ZjVlNDQ2IiBuYW1lPSJmb3JtLW5vbmNlIiAvPgoKICAgIDxtZXRhIGh0dHAtZXF1aXY9IngtcGpheC12ZXJzaW9uIiBjb250ZW50PSIyY2NjOWZmZTZkZDFkYjBhNWI4ZTFlNTA4MmVmNmVjYiI+CiAgICAKCiAgICAgIAogIDxtZXRhIG5hbWU9ImRlc2NyaXB0aW9uIiBjb250ZW50PSJnb29nbGUtc3BlZWNoLXYyIC0gOnNwZWVjaF9iYWxsb29uOiBSZXZlcnNlIEVuZ2luZWVyaW5nIEdvb2dsZSYjMzk7cyBTcGVlY2ggVG8gVGV4dCBBUEkgKHYyKSI+CiAgPG1ldGEgbmFtZT0iZ28taW1wb3J0IiBjb250ZW50PSJnaXRodWIuY29tL2dpbGxlc2RlbWV5L2dvb2dsZS1zcGVlY2gtdjIgZ2l0IGh0dHBzOi8vZ2l0aHViLmNvbS9naWxsZXNkZW1leS9nb29nbGUtc3BlZWNoLXYyLmdpdCI+CgogIDxtZXRhIGNvbnRlbnQ9Ijg2ODg0NCIgbmFtZT0ib2N0b2x5dGljcy1kaW1lbnNpb24tdXNlcl9pZCIgLz48bWV0YSBjb250ZW50PSJnaWxsZXNkZW1leSIgbmFtZT0ib2N0b2x5dGljcy1kaW1lbnNpb24tdXNlcl9sb2dpbiIgLz48bWV0YSBjb250ZW50PSIxNzEwNTQ4NCIgbmFtZT0ib2N0b2x5dGljcy1kaW1lbnNpb24tcmVwb3NpdG9yeV9pZCIgLz48bWV0YSBjb250ZW50PSJnaWxsZXNkZW1leS9nb29nbGUtc3BlZWNoLXYyIiBuYW1lPSJvY3RvbHl0aWNzLWRpbWVuc2lvbi1yZXBvc2l0b3J5X253byIgLz48bWV0YSBjb250ZW50PSJ0cnVlIiBuYW1lPSJvY3RvbHl0aWNzLWRpbWVuc2lvbi1yZXBvc2l0b3J5X3B1YmxpYyIgLz48bWV0YSBjb250ZW50PSJmYWxzZSIgbmFtZT0ib2N0b2x5dGljcy1kaW1lbnNpb24tcmVwb3NpdG9yeV9pc19mb3JrIiAvPjxtZXRhIGNvbnRlbnQ9IjE3MTA1NDg0IiBuYW1lPSJvY3RvbHl0aWNzLWRpbWVuc2lvbi1yZXBvc2l0b3J5X25ldHdvcmtfcm9vdF9pZCIgLz48bWV0YSBjb250ZW50PSJnaWxsZXNkZW1leS9nb29nbGUtc3BlZWNoLXYyIiBuYW1lPSJvY3RvbHl0aWNzLWRpbWVuc2lvbi1yZXBvc2l0b3J5X25ldHdvcmtfcm9vdF9ud28iIC8+CiAgPGxpbmsgaHJlZj0iaHR0cHM6Ly9naXRodWIuY29tL2dpbGxlc2RlbWV5L2dvb2dsZS1zcGVlY2gtdjIvY29tbWl0cy9tYXN0ZXIuYXRvbSIgcmVsPSJhbHRlcm5hdGUiIHRpdGxlPSJSZWNlbnQgQ29tbWl0cyB0byBnb29nbGUtc3BlZWNoLXYyOm1hc3RlciIgdHlwZT0iYXBwbGljYXRpb24vYXRvbSt4bWwiPgoKCiAgICAgIDxsaW5rIHJlbD0iY2Fub25pY2FsIiBocmVmPSJodHRwczovL2dpdGh1Yi5jb20vZ2lsbGVzZGVtZXkvZ29vZ2xlLXNwZWVjaC12Mi9ibG9iL21hc3Rlci9hdWRpby9nb29kLW1vcm5pbmctZ29vZ2xlLmZsYWMiIGRhdGEtcGpheC10cmFuc2llbnQ+CiAgPC9oZWFkPgoKCiAgPGJvZHkgY2xhc3M9ImxvZ2dlZC1pbiAgZW52LXByb2R1Y3Rpb24gbGludXggdmlzLXB1YmxpYyBwYWdlLWJsb2IiPgogICAgPGRpdiBpZD0ianMtcGpheC1sb2FkZXItYmFyIiBjbGFzcz0icGpheC1sb2FkZXItYmFyIj48ZGl2IGNsYXNzPSJwcm9ncmVzcyI+PC9kaXY+PC9kaXY+CiAgICA8YSBocmVmPSIjc3RhcnQtb2YtY29udGVudCIgdGFiaW5kZXg9IjEiIGNsYXNzPSJhY2Nlc3NpYmlsaXR5LWFpZCBqcy1za2lwLXRvLWNvbnRlbnQiPlNraXAgdG8gY29udGVudDwvYT4KCiAgICAKICAgIAogICAgCgoKCiAgICAgICAgPGRpdiBjbGFzcz0iaGVhZGVyIGhlYWRlci1sb2dnZWQtaW4gdHJ1ZSIgcm9sZT0iYmFubmVyIj4KICA8ZGl2IGNsYXNzPSJjb250YWluZXIgY2xlYXJmaXgiPgoKICAgIDxhIGNsYXNzPSJoZWFkZXItbG9nby1pbnZlcnRvY2F0IiBocmVmPSJodHRwczovL2dpdGh1Yi5jb20vIiBkYXRhLWhvdGtleT0iZyBkIiBhcmlhLWxhYmVsPSJIb21lcGFnZSIgZGF0YS1nYS1jbGljaz0iSGVhZGVyLCBnbyB0byBkYXNoYm9hcmQsIGljb246bG9nbyI+CiAgPHN2ZyBhcmlhLWhpZGRlbj0idHJ1ZSIgY2xhc3M9Im9jdGljb24gb2N0aWNvbi1tYXJrLWdpdGh1YiIgaGVpZ2h0PSIyOCIgdmVyc2lvbj0iMS4xIiB2aWV3Qm94PSIwIDAgMTYgMTYiIHdpZHRoPSIyOCI+PHBhdGggZD0iTTggMEMzLjU4IDAgMCAzLjU4IDAgOGMwIDMuNTQgMi4yOSA2LjUzIDUuNDcgNy41OS40LjA3LjU1LS4xNy41NS0uMzggMC0uMTktLjAxLS44Mi0uMDEtMS40OS0yLjAxLjM3LTIuNTMtLjQ5LTIuNjktLjk0LS4wOS0uMjMtLjQ4LS45NC0uODItMS4xMy0uMjgtLjE1LS42OC0uNTItLjAxLS41My42My0uMDEgMS4wOC41OCAxLjIzLjgyLjcyIDEuMjEgMS44Ny44NyAyLjMzLjY2LjA3LS41Mi4yOC0uODcuNTEtMS4wNy0xLjc4LS4yLTMuNjQtLjg5LTMuNjQtMy45NSAwLS44Ny4zMS0xLjU5LjgyLTIuMTUtLjA4LS4yLS4zNi0xLjAyLjA4LTIuMTIgMCAwIC42Ny0uMjEgMi4yLjgyLjY0LS4xOCAxLjMyLS4yNyAyLS4yNy42OCAwIDEuMzYuMDkgMiAuMjcgMS41My0xLjA0IDIuMi0uODIgMi4yLS44Mi40NCAxLjEuMTYgMS45Mi4wOCAyLjEyLjUxLjU2LjgyIDEuMjcuODIgMi4xNSAwIDMuMDctMS44NyAzLjc1LTMuNjUgMy45NS4yOS4yNS41NC43My41NCAxLjQ4IDAgMS4wNy0uMDEgMS45My0uMDEgMi4yIDAgLjIxLjE1LjQ2LjU1LjM4QTguMDEzIDguMDEzIDAgMCAwIDE2IDhjMC00LjQyLTMuNTgtOC04LTh6Ij48L3BhdGg+PC9zdmc+CjwvYT4KCgogICAgICAgIDxkaXYgY2xhc3M9ImhlYWRlci1zZWFyY2ggc2NvcGVkLXNlYXJjaCBzaXRlLXNjb3BlZC1zZWFyY2gganMtc2l0ZS1zZWFyY2giIHJvbGU9InNlYXJjaCI+CiAgPCEtLSA8L3RleHRhcmVhPiAtLT48IS0tICciYCAtLT48Zm9ybSBhY2NlcHQtY2hhcnNldD0iVVRGLTgiIGFjdGlvbj0iL2dpbGxlc2RlbWV5L2dvb2dsZS1zcGVlY2gtdjIvc2VhcmNoIiBjbGFzcz0ianMtc2l0ZS1zZWFyY2gtZm9ybSIgZGF0YS1zY29wZWQtc2VhcmNoLXVybD0iL2dpbGxlc2RlbWV5L2dvb2dsZS1zcGVlY2gtdjIvc2VhcmNoIiBkYXRhLXVuc2NvcGVkLXNlYXJjaC11cmw9Ii9zZWFyY2giIG1ldGhvZD0iZ2V0Ij48ZGl2IHN0eWxlPSJtYXJnaW46MDtwYWRkaW5nOjA7ZGlzcGxheTppbmxpbmUiPjxpbnB1dCBuYW1lPSJ1dGY4IiB0eXBlPSJoaWRkZW4iIHZhbHVlPSImI3gyNzEzOyIgLz48L2Rpdj4KICAgIDxsYWJlbCBjbGFzcz0iZm9ybS1jb250cm9sIGhlYWRlci1zZWFyY2gtd3JhcHBlciBqcy1jaHJvbWVsZXNzLWlucHV0LWNvbnRhaW5lciI+CiAgICAgIDxkaXYgY2xhc3M9ImhlYWRlci1zZWFyY2gtc2NvcGUiPlRoaXMgcmVwb3NpdG9yeTwvZGl2PgogICAgICA8aW5wdXQgdHlwZT0idGV4dCIKICAgICAgICBjbGFzcz0iZm9ybS1jb250cm9sIGhlYWRlci1zZWFyY2gtaW5wdXQganMtc2l0ZS1zZWFyY2gtZm9jdXMganMtc2l0ZS1zZWFyY2gtZmllbGQgaXMtY2xlYXJhYmxlIgogICAgICAgIGRhdGEtaG90a2V5PSJzIgogICAgICAgIG5hbWU9InEiCiAgICAgICAgcGxhY2Vob2xkZXI9IlNlYXJjaCIKICAgICAgICBhcmlhLWxhYmVsPSJTZWFyY2ggdGhpcyByZXBvc2l0b3J5IgogICAgICAgIGRhdGEtdW5zY29wZWQtcGxhY2Vob2xkZXI9IlNlYXJjaCBHaXRIdWIiCiAgICAgICAgZGF0YS1zY29wZWQtcGxhY2Vob2xkZXI9IlNlYXJjaCIKICAgICAgICBhdXRvY2FwaXRhbGl6ZT0ib2ZmIj4KICAgIDwvbGFiZWw+CjwvZm9ybT48L2Rpdj4KCgogICAgICA8dWwgY2xhc3M9ImhlYWRlci1uYXYgbGVmdCIgcm9sZT0ibmF2aWdhdGlvbiI+CiAgICAgICAgPGxpIGNsYXNzPSJoZWFkZXItbmF2LWl0ZW0iPgogICAgICAgICAgPGEgaHJlZj0iL3B1bGxzIiBjbGFzcz0ianMtc2VsZWN0ZWQtbmF2aWdhdGlvbi1pdGVtIGhlYWRlci1uYXYtbGluayIgZGF0YS1nYS1jbGljaz0iSGVhZGVyLCBjbGljaywgTmF2IG1lbnUgLSBpdGVtOnB1bGxzIGNvbnRleHQ6dXNlciIgZGF0YS1ob3RrZXk9ImcgcCIgZGF0YS1zZWxlY3RlZC1saW5rcz0iL3B1bGxzIC9wdWxscy9hc3NpZ25lZCAvcHVsbHMvbWVudGlvbmVkIC9wdWxscyI+CiAgICAgICAgICAgIFB1bGwgcmVxdWVzdHMKPC9hPiAgICAgICAgPC9saT4KICAgICAgICA8bGkgY2xhc3M9ImhlYWRlci1uYXYtaXRlbSI+CiAgICAgICAgICA8YSBocmVmPSIvaXNzdWVzIiBjbGFzcz0ianMtc2VsZWN0ZWQtbmF2aWdhdGlvbi1pdGVtIGhlYWRlci1uYXYtbGluayIgZGF0YS1nYS1jbGljaz0iSGVhZGVyLCBjbGljaywgTmF2IG1lbnUgLSBpdGVtOmlzc3VlcyBjb250ZXh0OnVzZXIiIGRhdGEtaG90a2V5PSJnIGkiIGRhdGEtc2VsZWN0ZWQtbGlua3M9Ii9pc3N1ZXMgL2lzc3Vlcy9hc3NpZ25lZCAvaXNzdWVzL21lbnRpb25lZCAvaXNzdWVzIj4KICAgICAgICAgICAgSXNzdWVzCjwvYT4gICAgICAgIDwvbGk+CiAgICAgICAgICA8bGkgY2xhc3M9ImhlYWRlci1uYXYtaXRlbSI+CiAgICAgICAgICAgIDxhIGNsYXNzPSJoZWFkZXItbmF2LWxpbmsiIGhyZWY9Imh0dHBzOi8vZ2lzdC5naXRodWIuY29tLyIgZGF0YS1nYS1jbGljaz0iSGVhZGVyLCBnbyB0byBnaXN0LCB0ZXh0Omdpc3QiPkdpc3Q8L2E+CiAgICAgICAgICA8L2xpPgogICAgICA8L3VsPgoKICAgIAo8dWwgY2xhc3M9ImhlYWRlci1uYXYgdXNlci1uYXYgcmlnaHQiIGlkPSJ1c2VyLWxpbmtzIj4KICA8bGkgY2xhc3M9ImhlYWRlci1uYXYtaXRlbSI+CiAgICAKICAgIDxhIGhyZWY9Ii9ub3RpZmljYXRpb25zIiBhcmlhLWxhYmVsPSJZb3UgaGF2ZSBubyB1bnJlYWQgbm90aWZpY2F0aW9ucyIgY2xhc3M9ImhlYWRlci1uYXYtbGluayBub3RpZmljYXRpb24taW5kaWNhdG9yIHRvb2x0aXBwZWQgdG9vbHRpcHBlZC1zIGpzLXNvY2tldC1jaGFubmVsIGpzLW5vdGlmaWNhdGlvbi1pbmRpY2F0b3IiIGRhdGEtY2hhbm5lbD0idGVuYW50OjE6bm90aWZpY2F0aW9uLWNoYW5nZWQ6NDczNjI4MyIgZGF0YS1nYS1jbGljaz0iSGVhZGVyLCBnbyB0byBub3RpZmljYXRpb25zLCBpY29uOnJlYWQiIGRhdGEtaG90a2V5PSJnIG4iPgogICAgICAgIDxzcGFuIGNsYXNzPSJtYWlsLXN0YXR1cyAiPjwvc3Bhbj4KICAgICAgICA8c3ZnIGFyaWEtaGlkZGVuPSJ0cnVlIiBjbGFzcz0ib2N0aWNvbiBvY3RpY29uLWJlbGwiIGhlaWdodD0iMTYiIHZlcnNpb249IjEuMSIgdmlld0JveD0iMCAwIDE0IDE2IiB3aWR0aD0iMTQiPjxwYXRoIGQ9Ik0xNCAxMnYxSDB2LTFsLjczLS41OGMuNzctLjc3LjgxLTIuNTUgMS4xOS00LjQyQzIuNjkgMy4yMyA2IDIgNiAyYzAtLjU1LjQ1LTEgMS0xczEgLjQ1IDEgMWMwIDAgMy4zOSAxLjIzIDQuMTYgNSAuMzggMS44OC40MiAzLjY2IDEuMTkgNC40MmwuNjYuNThIMTR6bS03IDRjMS4xMSAwIDItLjg5IDItMkg1YzAgMS4xMS44OSAyIDIgMnoiPjwvcGF0aD48L3N2Zz4KPC9hPgogIDwvbGk+CgogIDxsaSBjbGFzcz0iaGVhZGVyLW5hdi1pdGVtIGRyb3Bkb3duIGpzLW1lbnUtY29udGFpbmVyIj4KICAgIDxhIGNsYXNzPSJoZWFkZXItbmF2LWxpbmsgdG9vbHRpcHBlZCB0b29sdGlwcGVkLXMganMtbWVudS10YXJnZXQiIGhyZWY9Ii9uZXciCiAgICAgICBhcmlhLWxhYmVsPSJDcmVhdGUgbmV34oCmIgogICAgICAgZGF0YS1nYS1jbGljaz0iSGVhZGVyLCBjcmVhdGUgbmV3LCBpY29uOmFkZCI+CiAgICAgIDxzdmcgYXJpYS1oaWRkZW49InRydWUiIGNsYXNzPSJvY3RpY29uIG9jdGljb24tcGx1cyBsZWZ0IiBoZWlnaHQ9IjE2IiB2ZXJzaW9uPSIxLjEiIHZpZXdCb3g9IjAgMCAxMiAxNiIgd2lkdGg9IjEyIj48cGF0aCBkPSJNMTIgOUg3djVINVY5SDBWN2g1VjJoMnY1aDV6Ij48L3BhdGg+PC9zdmc+CiAgICAgIDxzcGFuIGNsYXNzPSJkcm9wZG93bi1jYXJldCI+PC9zcGFuPgogICAgPC9hPgoKICAgIDxkaXYgY2xhc3M9ImRyb3Bkb3duLW1lbnUtY29udGVudCBqcy1tZW51LWNvbnRlbnQiPgogICAgICA8dWwgY2xhc3M9ImRyb3Bkb3duLW1lbnUgZHJvcGRvd24tbWVudS1zdyI+CiAgICAgICAgCjxhIGNsYXNzPSJkcm9wZG93bi1pdGVtIiBocmVmPSIvbmV3IiBkYXRhLWdhLWNsaWNrPSJIZWFkZXIsIGNyZWF0ZSBuZXcgcmVwb3NpdG9yeSI+CiAgTmV3IHJlcG9zaXRvcnkKPC9hPgoKICA8YSBjbGFzcz0iZHJvcGRvd24taXRlbSIgaHJlZj0iL25ldy9pbXBvcnQiIGRhdGEtZ2EtY2xpY2s9IkhlYWRlciwgaW1wb3J0IGEgcmVwb3NpdG9yeSI+CiAgICBJbXBvcnQgcmVwb3NpdG9yeQogIDwvYT4KCgogIDxhIGNsYXNzPSJkcm9wZG93bi1pdGVtIiBocmVmPSIvb3JnYW5pemF0aW9ucy9uZXciIGRhdGEtZ2EtY2xpY2s9IkhlYWRlciwgY3JlYXRlIG5ldyBvcmdhbml6YXRpb24iPgogICAgTmV3IG9yZ2FuaXphdGlvbgogIDwvYT4KCgoKICA8ZGl2IGNsYXNzPSJkcm9wZG93bi1kaXZpZGVyIj48L2Rpdj4KICA8ZGl2IGNsYXNzPSJkcm9wZG93bi1oZWFkZXIiPgogICAgPHNwYW4gdGl0bGU9ImdpbGxlc2RlbWV5L2dvb2dsZS1zcGVlY2gtdjIiPlRoaXMgcmVwb3NpdG9yeTwvc3Bhbj4KICA8L2Rpdj4KICAgIDxhIGNsYXNzPSJkcm9wZG93bi1pdGVtIiBocmVmPSIvZ2lsbGVzZGVtZXkvZ29vZ2xlLXNwZWVjaC12Mi9pc3N1ZXMvbmV3IiBkYXRhLWdhLWNsaWNrPSJIZWFkZXIsIGNyZWF0ZSBuZXcgaXNzdWUiPgogICAgICBOZXcgaXNzdWUKICAgIDwvYT4KCiAgICAgIDwvdWw+CiAgICA8L2Rpdj4KICA8L2xpPgoKICA8bGkgY2xhc3M9ImhlYWRlci1uYXYtaXRlbSBkcm9wZG93biBqcy1tZW51LWNvbnRhaW5lciI+CiAgICA8YSBjbGFzcz0iaGVhZGVyLW5hdi1saW5rIG5hbWUgdG9vbHRpcHBlZCB0b29sdGlwcGVkLXN3IGpzLW1lbnUtdGFyZ2V0IiBocmVmPSIvamJlc2NvcyIKICAgICAgIGFyaWEtbGFiZWw9IlZpZXcgcHJvZmlsZSBhbmQgbW9yZSIKICAgICAgIGRhdGEtZ2EtY2xpY2s9IkhlYWRlciwgc2hvdyBtZW51LCBpY29uOmF2YXRhciI+CiAgICAgIDxpbWcgYWx0PSJAamJlc2NvcyIgY2xhc3M9ImF2YXRhciIgaGVpZ2h0PSIyMCIgc3JjPSJodHRwczovL2F2YXRhcnMxLmdpdGh1YnVzZXJjb250ZW50LmNvbS91LzQ3MzYyODM/dj0zJmFtcDtzPTQwIiB3aWR0aD0iMjAiIC8+CiAgICAgIDxzcGFuIGNsYXNzPSJkcm9wZG93bi1jYXJldCI+PC9zcGFuPgogICAgPC9hPgoKICAgIDxkaXYgY2xhc3M9ImRyb3Bkb3duLW1lbnUtY29udGVudCBqcy1tZW51LWNvbnRlbnQiPgogICAgICA8ZGl2IGNsYXNzPSJkcm9wZG93bi1tZW51IGRyb3Bkb3duLW1lbnUtc3ciPgogICAgICAgIDxkaXYgY2xhc3M9ImRyb3Bkb3duLWhlYWRlciBoZWFkZXItbmF2LWN1cnJlbnQtdXNlciBjc3MtdHJ1bmNhdGUiPgogICAgICAgICAgU2lnbmVkIGluIGFzIDxzdHJvbmcgY2xhc3M9ImNzcy10cnVuY2F0ZS10YXJnZXQiPmpiZXNjb3M8L3N0cm9uZz4KICAgICAgICA8L2Rpdj4KCiAgICAgICAgPGRpdiBjbGFzcz0iZHJvcGRvd24tZGl2aWRlciI+PC9kaXY+CgogICAgICAgIDxhIGNsYXNzPSJkcm9wZG93bi1pdGVtIiBocmVmPSIvamJlc2NvcyIgZGF0YS1nYS1jbGljaz0iSGVhZGVyLCBnbyB0byBwcm9maWxlLCB0ZXh0OnlvdXIgcHJvZmlsZSI+CiAgICAgICAgICBZb3VyIHByb2ZpbGUKICAgICAgICA8L2E+CiAgICAgICAgPGEgY2xhc3M9ImRyb3Bkb3duLWl0ZW0iIGhyZWY9Ii9zdGFycyIgZGF0YS1nYS1jbGljaz0iSGVhZGVyLCBnbyB0byBzdGFycmVkIHJlcG9zLCB0ZXh0OnlvdXIgc3RhcnMiPgogICAgICAgICAgWW91ciBzdGFycwogICAgICAgIDwvYT4KICAgICAgICA8YSBjbGFzcz0iZHJvcGRvd24taXRlbSIgaHJlZj0iL2V4cGxvcmUiIGRhdGEtZ2EtY2xpY2s9IkhlYWRlciwgZ28gdG8gZXhwbG9yZSwgdGV4dDpleHBsb3JlIj4KICAgICAgICAgIEV4cGxvcmUKICAgICAgICA8L2E+CiAgICAgICAgICA8YSBjbGFzcz0iZHJvcGRvd24taXRlbSIgaHJlZj0iL2ludGVncmF0aW9ucyIgZGF0YS1nYS1jbGljaz0iSGVhZGVyLCBnbyB0byBpbnRlZ3JhdGlvbnMsIHRleHQ6aW50ZWdyYXRpb25zIj4KICAgICAgICAgICAgSW50ZWdyYXRpb25zCiAgICAgICAgICA8L2E+CiAgICAgICAgPGEgY2xhc3M9ImRyb3Bkb3duLWl0ZW0iIGhyZWY9Imh0dHBzOi8vaGVscC5naXRodWIuY29tIiBkYXRhLWdhLWNsaWNrPSJIZWFkZXIsIGdvIHRvIGhlbHAsIHRleHQ6aGVscCI+CiAgICAgICAgICBIZWxwCiAgICAgICAgPC9hPgoKCiAgICAgICAgPGRpdiBjbGFzcz0iZHJvcGRvd24tZGl2aWRlciI+PC9kaXY+CgogICAgICAgIDxhIGNsYXNzPSJkcm9wZG93bi1pdGVtIiBocmVmPSIvc2V0dGluZ3MvcHJvZmlsZSIgZGF0YS1nYS1jbGljaz0iSGVhZGVyLCBnbyB0byBzZXR0aW5ncywgaWNvbjpzZXR0aW5ncyI+CiAgICAgICAgICBTZXR0aW5ncwogICAgICAgIDwvYT4KCiAgICAgICAgPCEtLSA8L3RleHRhcmVhPiAtLT48IS0tICciYCAtLT48Zm9ybSBhY2NlcHQtY2hhcnNldD0iVVRGLTgiIGFjdGlvbj0iL2xvZ291dCIgY2xhc3M9ImxvZ291dC1mb3JtIiBkYXRhLWZvcm0tbm9uY2U9ImUzNmQ3OTI1NjczMDg1MTk4YTE5MjllYjNiNjY4ZThjOThmNWU0NDYiIG1ldGhvZD0icG9zdCI+PGRpdiBzdHlsZT0ibWFyZ2luOjA7cGFkZGluZzowO2Rpc3BsYXk6aW5saW5lIj48aW5wdXQgbmFtZT0idXRmOCIgdHlwZT0iaGlkZGVuIiB2YWx1ZT0iJiN4MjcxMzsiIC8+PGlucHV0IG5hbWU9ImF1dGhlbnRpY2l0eV90b2tlbiIgdHlwZT0iaGlkZGVuIiB2YWx1ZT0iRWVIRFZodzdPT3JINTdWZEZ4N09vT3VRT3pBaHJnTDhvclBHV0RVMy9kVmg0OGFwTjBHamhhS2h2UVdTUzlkSnBwa3J5WTFqU0pRTnVMNHBkSFRPSWc9PSIgLz48L2Rpdj4KICAgICAgICAgIDxidXR0b24gY2xhc3M9ImRyb3Bkb3duLWl0ZW0gZHJvcGRvd24tc2lnbm91dCIgZGF0YS1nYS1jbGljaz0iSGVhZGVyLCBzaWduIG91dCwgaWNvbjpsb2dvdXQiPgogICAgICAgICAgICBTaWduIG91dAogICAgICAgICAgPC9idXR0b24+CjwvZm9ybT4gICAgICA8L2Rpdj4KICAgIDwvZGl2PgogIDwvbGk+CjwvdWw+CgoKICAgIAogIDwvZGl2Pgo8L2Rpdj4KCgogICAgICAKCgogICAgPGRpdiBpZD0ic3RhcnQtb2YtY29udGVudCIgY2xhc3M9ImFjY2Vzc2liaWxpdHktYWlkIj48L2Rpdj4KCiAgICAgIDxkaXYgaWQ9ImpzLWZsYXNoLWNvbnRhaW5lciI+CjwvZGl2PgoKCiAgICA8ZGl2IHJvbGU9Im1haW4iPgogICAgICAgIDxkaXYgaXRlbXNjb3BlIGl0ZW10eXBlPSJodHRwOi8vc2NoZW1hLm9yZy9Tb2Z0d2FyZVNvdXJjZUNvZGUiPgogICAgPGRpdiBpZD0ianMtcmVwby1wamF4LWNvbnRhaW5lciIgZGF0YS1wamF4LWNvbnRhaW5lcj4KICAgICAgCjxkaXYgY2xhc3M9InBhZ2VoZWFkIHJlcG9oZWFkIGluc3RhcGFwZXJfaWdub3JlIHJlYWRhYmlsaXR5LW1lbnUgZXhwZXJpbWVudC1yZXBvLW5hdiI+CiAgPGRpdiBjbGFzcz0iY29udGFpbmVyIHJlcG9oZWFkLWRldGFpbHMtY29udGFpbmVyIj4KCiAgICAKCjx1bCBjbGFzcz0icGFnZWhlYWQtYWN0aW9ucyI+CgogIDxsaT4KICAgICAgICA8IS0tIDwvdGV4dGFyZWE+IC0tPjwhLS0gJyJgIC0tPjxmb3JtIGFjY2VwdC1jaGFyc2V0PSJVVEYtOCIgYWN0aW9uPSIvbm90aWZpY2F0aW9ucy9zdWJzY3JpYmUiIGNsYXNzPSJqcy1zb2NpYWwtY29udGFpbmVyIiBkYXRhLWF1dG9zdWJtaXQ9InRydWUiIGRhdGEtZm9ybS1ub25jZT0iZTM2ZDc5MjU2NzMwODUxOThhMTkyOWViM2I2NjhlOGM5OGY1ZTQ0NiIgZGF0YS1yZW1vdGU9InRydWUiIG1ldGhvZD0icG9zdCI+PGRpdiBzdHlsZT0ibWFyZ2luOjA7cGFkZGluZzowO2Rpc3BsYXk6aW5saW5lIj48aW5wdXQgbmFtZT0idXRmOCIgdHlwZT0iaGlkZGVuIiB2YWx1ZT0iJiN4MjcxMzsiIC8+PGlucHV0IG5hbWU9ImF1dGhlbnRpY2l0eV90b2tlbiIgdHlwZT0iaGlkZGVuIiB2YWx1ZT0ib283Q01HN0VMaERmVmVVNUZHbVp3Q3FpaytuaG13REVTZjZwOFFud1pmSkJQcGwydk9nWGhBQTdYNUxoZ0ZCVEZBdjg5VTFLN3dUQk9yQUY3dEo5MXc9PSIgLz48L2Rpdj4gICAgICA8aW5wdXQgY2xhc3M9ImZvcm0tY29udHJvbCIgaWQ9InJlcG9zaXRvcnlfaWQiIG5hbWU9InJlcG9zaXRvcnlfaWQiIHR5cGU9ImhpZGRlbiIgdmFsdWU9IjE3MTA1NDg0IiAvPgoKICAgICAgICA8ZGl2IGNsYXNzPSJzZWxlY3QtbWVudSBqcy1tZW51LWNvbnRhaW5lciBqcy1zZWxlY3QtbWVudSI+CiAgICAgICAgICA8YSBocmVmPSIvZ2lsbGVzZGVtZXkvZ29vZ2xlLXNwZWVjaC12Mi9zdWJzY3JpcHRpb24iCiAgICAgICAgICAgIGNsYXNzPSJidG4gYnRuLXNtIGJ0bi13aXRoLWNvdW50IHNlbGVjdC1tZW51LWJ1dHRvbiBqcy1tZW51LXRhcmdldCIgcm9sZT0iYnV0dG9uIiB0YWJpbmRleD0iMCIgYXJpYS1oYXNwb3B1cD0idHJ1ZSIKICAgICAgICAgICAgZGF0YS1nYS1jbGljaz0iUmVwb3NpdG9yeSwgY2xpY2sgV2F0Y2ggc2V0dGluZ3MsIGFjdGlvbjpibG9iI3Nob3ciPgogICAgICAgICAgICA8c3BhbiBjbGFzcz0ianMtc2VsZWN0LWJ1dHRvbiI+CiAgICAgICAgICAgICAgPHN2ZyBhcmlhLWhpZGRlbj0idHJ1ZSIgY2xhc3M9Im9jdGljb24gb2N0aWNvbi1leWUiIGhlaWdodD0iMTYiIHZlcnNpb249IjEuMSIgdmlld0JveD0iMCAwIDE2IDE2IiB3aWR0aD0iMTYiPjxwYXRoIGQ9Ik04LjA2IDJDMyAyIDAgOCAwIDhzMyA2IDguMDYgNkMxMyAxNCAxNiA4IDE2IDhzLTMtNi03Ljk0LTZ6TTggMTJjLTIuMiAwLTQtMS43OC00LTQgMC0yLjIgMS44LTQgNC00IDIuMjIgMCA0IDEuOCA0IDQgMCAyLjIyLTEuNzggNC00IDR6bTItNGMwIDEuMTEtLjg5IDItMiAyLTEuMTEgMC0yLS44OS0yLTIgMC0xLjExLjg5LTIgMi0yIDEuMTEgMCAyIC44OSAyIDJ6Ij48L3BhdGg+PC9zdmc+CiAgICAgICAgICAgICAgV2F0Y2gKICAgICAgICAgICAgPC9zcGFuPgogICAgICAgICAgPC9hPgogICAgICAgICAgPGEgY2xhc3M9InNvY2lhbC1jb3VudCBqcy1zb2NpYWwtY291bnQiIGhyZWY9Ii9naWxsZXNkZW1leS9nb29nbGUtc3BlZWNoLXYyL3dhdGNoZXJzIj4KICAgICAgICAgICAgNTMKICAgICAgICAgIDwvYT4KCiAgICAgICAgPGRpdiBjbGFzcz0ic2VsZWN0LW1lbnUtbW9kYWwtaG9sZGVyIj4KICAgICAgICAgIDxkaXYgY2xhc3M9InNlbGVjdC1tZW51LW1vZGFsIHN1YnNjcmlwdGlvbi1tZW51LW1vZGFsIGpzLW1lbnUtY29udGVudCIgYXJpYS1oaWRkZW49InRydWUiPgogICAgICAgICAgICA8ZGl2IGNsYXNzPSJzZWxlY3QtbWVudS1oZWFkZXIganMtbmF2aWdhdGlvbi1lbmFibGUiIHRhYmluZGV4PSItMSI+CiAgICAgICAgICAgICAgPHN2ZyBhcmlhLWxhYmVsPSJDbG9zZSIgY2xhc3M9Im9jdGljb24gb2N0aWNvbi14IGpzLW1lbnUtY2xvc2UiIGhlaWdodD0iMTYiIHJvbGU9ImltZyIgdmVyc2lvbj0iMS4xIiB2aWV3Qm94PSIwIDAgMTIgMTYiIHdpZHRoPSIxMiI+PHBhdGggZD0iTTcuNDggOGwzLjc1IDMuNzUtMS40OCAxLjQ4TDYgOS40OGwtMy43NSAzLjc1LTEuNDgtMS40OEw0LjUyIDggLjc3IDQuMjVsMS40OC0xLjQ4TDYgNi41MmwzLjc1LTMuNzUgMS40OCAxLjQ4eiI+PC9wYXRoPjwvc3ZnPgogICAgICAgICAgICAgIDxzcGFuIGNsYXNzPSJzZWxlY3QtbWVudS10aXRsZSI+Tm90aWZpY2F0aW9uczwvc3Bhbj4KICAgICAgICAgICAgPC9kaXY+CgogICAgICAgICAgICAgIDxkaXYgY2xhc3M9InNlbGVjdC1tZW51LWxpc3QganMtbmF2aWdhdGlvbi1jb250YWluZXIiIHJvbGU9Im1lbnUiPgoKICAgICAgICAgICAgICAgIDxkaXYgY2xhc3M9InNlbGVjdC1tZW51LWl0ZW0ganMtbmF2aWdhdGlvbi1pdGVtIHNlbGVjdGVkIiByb2xlPSJtZW51aXRlbSIgdGFiaW5kZXg9IjAiPgogICAgICAgICAgICAgICAgICA8c3ZnIGFyaWEtaGlkZGVuPSJ0cnVlIiBjbGFzcz0ib2N0aWNvbiBvY3RpY29uLWNoZWNrIHNlbGVjdC1tZW51LWl0ZW0taWNvbiIgaGVpZ2h0PSIxNiIgdmVyc2lvbj0iMS4xIiB2aWV3Qm94PSIwIDAgMTIgMTYiIHdpZHRoPSIxMiI+PHBhdGggZD0iTTEyIDVsLTggOC00LTQgMS41LTEuNUw0IDEwbDYuNS02LjV6Ij48L3BhdGg+PC9zdmc+CiAgICAgICAgICAgICAgICAgIDxkaXYgY2xhc3M9InNlbGVjdC1tZW51LWl0ZW0tdGV4dCI+CiAgICAgICAgICAgICAgICAgICAgPGlucHV0IGNoZWNrZWQ9ImNoZWNrZWQiIGlkPSJkb19pbmNsdWRlZCIgbmFtZT0iZG8iIHR5cGU9InJhZGlvIiB2YWx1ZT0iaW5jbHVkZWQiIC8+CiAgICAgICAgICAgICAgICAgICAgPHNwYW4gY2xhc3M9InNlbGVjdC1tZW51LWl0ZW0taGVhZGluZyI+Tm90IHdhdGNoaW5nPC9zcGFuPgogICAgICAgICAgICAgICAgICAgIDxzcGFuIGNsYXNzPSJkZXNjcmlwdGlvbiI+QmUgbm90aWZpZWQgd2hlbiBwYXJ0aWNpcGF0aW5nIG9yIEBtZW50aW9uZWQuPC9zcGFuPgogICAgICAgICAgICAgICAgICAgIDxzcGFuIGNsYXNzPSJqcy1zZWxlY3QtYnV0dG9uLXRleHQgaGlkZGVuLXNlbGVjdC1idXR0b24tdGV4dCI+CiAgICAgICAgICAgICAgICAgICAgICA8c3ZnIGFyaWEtaGlkZGVuPSJ0cnVlIiBjbGFzcz0ib2N0aWNvbiBvY3RpY29uLWV5ZSIgaGVpZ2h0PSIxNiIgdmVyc2lvbj0iMS4xIiB2aWV3Qm94PSIwIDAgMTYgMTYiIHdpZHRoPSIxNiI+PHBhdGggZD0iTTguMDYgMkMzIDIgMCA4IDAgOHMzIDYgOC4wNiA2QzEzIDE0IDE2IDggMTYgOHMtMy02LTcuOTQtNnpNOCAxMmMtMi4yIDAtNC0xLjc4LTQtNCAwLTIuMiAxLjgtNCA0LTQgMi4yMiAwIDQgMS44IDQgNCAwIDIuMjItMS43OCA0LTQgNHptMi00YzAgMS4xMS0uODkgMi0yIDItMS4xMSAwLTItLjg5LTItMiAwLTEuMTEuODktMiAyLTIgMS4xMSAwIDIgLjg5IDIgMnoiPjwvcGF0aD48L3N2Zz4KICAgICAgICAgICAgICAgICAgICAgIFdhdGNoCiAgICAgICAgICAgICAgICAgICAgPC9zcGFuPgogICAgICAgICAgICAgICAgICA8L2Rpdj4KICAgICAgICAgICAgICAgIDwvZGl2PgoKICAgICAgICAgICAgICAgIDxkaXYgY2xhc3M9InNlbGVjdC1tZW51LWl0ZW0ganMtbmF2aWdhdGlvbi1pdGVtICIgcm9sZT0ibWVudWl0ZW0iIHRhYmluZGV4PSIwIj4KICAgICAgICAgICAgICAgICAgPHN2ZyBhcmlhLWhpZGRlbj0idHJ1ZSIgY2xhc3M9Im9jdGljb24gb2N0aWNvbi1jaGVjayBzZWxlY3QtbWVudS1pdGVtLWljb24iIGhlaWdodD0iMTYiIHZlcnNpb249IjEuMSIgdmlld0JveD0iMCAwIDEyIDE2IiB3aWR0aD0iMTIiPjxwYXRoIGQ9Ik0xMiA1bC04IDgtNC00IDEuNS0xLjVMNCAxMGw2LjUtNi41eiI+PC9wYXRoPjwvc3ZnPgogICAgICAgICAgICAgICAgICA8ZGl2IGNsYXNzPSJzZWxlY3QtbWVudS1pdGVtLXRleHQiPgogICAgICAgICAgICAgICAgICAgIDxpbnB1dCBpZD0iZG9fc3Vic2NyaWJlZCIgbmFtZT0iZG8iIHR5cGU9InJhZGlvIiB2YWx1ZT0ic3Vic2NyaWJlZCIgLz4KICAgICAgICAgICAgICAgICAgICA8c3BhbiBjbGFzcz0ic2VsZWN0LW1lbnUtaXRlbS1oZWFkaW5nIj5XYXRjaGluZzwvc3Bhbj4KICAgICAgICAgICAgICAgICAgICA8c3BhbiBjbGFzcz0iZGVzY3JpcHRpb24iPkJlIG5vdGlmaWVkIG9mIGFsbCBjb252ZXJzYXRpb25zLjwvc3Bhbj4KICAgICAgICAgICAgICAgICAgICA8c3BhbiBjbGFzcz0ianMtc2VsZWN0LWJ1dHRvbi10ZXh0IGhpZGRlbi1zZWxlY3QtYnV0dG9uLXRleHQiPgogICAgICAgICAgICAgICAgICAgICAgPHN2ZyBhcmlhLWhpZGRlbj0idHJ1ZSIgY2xhc3M9Im9jdGljb24gb2N0aWNvbi1leWUiIGhlaWdodD0iMTYiIHZlcnNpb249IjEuMSIgdmlld0JveD0iMCAwIDE2IDE2IiB3aWR0aD0iMTYiPjxwYXRoIGQ9Ik04LjA2IDJDMyAyIDAgOCAwIDhzMyA2IDguMDYgNkMxMyAxNCAxNiA4IDE2IDhzLTMtNi03Ljk0LTZ6TTggMTJjLTIuMiAwLTQtMS43OC00LTQgMC0yLjIgMS44LTQgNC00IDIuMjIgMCA0IDEuOCA0IDQgMCAyLjIyLTEuNzggNC00IDR6bTItNGMwIDEuMTEtLjg5IDItMiAyLTEuMTEgMC0yLS44OS0yLTIgMC0xLjExLjg5LTIgMi0yIDEuMTEgMCAyIC44OSAyIDJ6Ij48L3BhdGg+PC9zdmc+CiAgICAgICAgICAgICAgICAgICAgICBVbndhdGNoCiAgICAgICAgICAgICAgICAgICAgPC9zcGFuPgogICAgICAgICAgICAgICAgICA8L2Rpdj4KICAgICAgICAgICAgICAgIDwvZGl2PgoKICAgICAgICAgICAgICAgIDxkaXYgY2xhc3M9InNlbGVjdC1tZW51LWl0ZW0ganMtbmF2aWdhdGlvbi1pdGVtICIgcm9sZT0ibWVudWl0ZW0iIHRhYmluZGV4PSIwIj4KICAgICAgICAgICAgICAgICAgPHN2ZyBhcmlhLWhpZGRlbj0idHJ1ZSIgY2xhc3M9Im9jdGljb24gb2N0aWNvbi1jaGVjayBzZWxlY3QtbWVudS1pdGVtLWljb24iIGhlaWdodD0iMTYiIHZlcnNpb249IjEuMSIgdmlld0JveD0iMCAwIDEyIDE2IiB3aWR0aD0iMTIiPjxwYXRoIGQ9Ik0xMiA1bC04IDgtNC00IDEuNS0xLjVMNCAxMGw2LjUtNi41eiI+PC9wYXRoPjwvc3ZnPgogICAgICAgICAgICAgICAgICA8ZGl2IGNsYXNzPSJzZWxlY3QtbWVudS1pdGVtLXRleHQiPgogICAgICAgICAgICAgICAgICAgIDxpbnB1dCBpZD0iZG9faWdub3JlIiBuYW1lPSJkbyIgdHlwZT0icmFkaW8iIHZhbHVlPSJpZ25vcmUiIC8+CiAgICAgICAgICAgICAgICAgICAgPHNwYW4gY2xhc3M9InNlbGVjdC1tZW51LWl0ZW0taGVhZGluZyI+SWdub3Jpbmc8L3NwYW4+CiAgICAgICAgICAgICAgICAgICAgPHNwYW4gY2xhc3M9ImRlc2NyaXB0aW9uIj5OZXZlciBiZSBub3RpZmllZC48L3NwYW4+CiAgICAgICAgICAgICAgICAgICAgPHNwYW4gY2xhc3M9ImpzLXNlbGVjdC1idXR0b24tdGV4dCBoaWRkZW4tc2VsZWN0LWJ1dHRvbi10ZXh0Ij4KICAgICAgICAgICAgICAgICAgICAgIDxzdmcgYXJpYS1oaWRkZW49InRydWUiIGNsYXNzPSJvY3RpY29uIG9jdGljb24tbXV0ZSIgaGVpZ2h0PSIxNiIgdmVyc2lvbj0iMS4xIiB2aWV3Qm94PSIwIDAgMTYgMTYiIHdpZHRoPSIxNiI+PHBhdGggZD0iTTggMi44MXYxMC4zOGMwIC42Ny0uODEgMS0xLjI4LjUzTDMgMTBIMWMtLjU1IDAtMS0uNDUtMS0xVjdjMC0uNTUuNDUtMSAxLTFoMmwzLjcyLTMuNzJDNy4xOSAxLjgxIDggMi4xNCA4IDIuODF6bTcuNTMgMy4yMmwtMS4wNi0xLjA2LTEuOTcgMS45Ny0xLjk3LTEuOTctMS4wNiAxLjA2TDExLjQ0IDggOS40NyA5Ljk3bDEuMDYgMS4wNiAxLjk3LTEuOTcgMS45NyAxLjk3IDEuMDYtMS4wNkwxMy41NiA4bDEuOTctMS45N3oiPjwvcGF0aD48L3N2Zz4KICAgICAgICAgICAgICAgICAgICAgIFN0b3AgaWdub3JpbmcKICAgICAgICAgICAgICAgICAgICA8L3NwYW4+CiAgICAgICAgICAgICAgICAgIDwvZGl2PgogICAgICAgICAgICAgICAgPC9kaXY+CgogICAgICAgICAgICAgIDwvZGl2PgoKICAgICAgICAgICAgPC9kaXY+CiAgICAgICAgICA8L2Rpdj4KICAgICAgICA8L2Rpdj4KPC9mb3JtPgogIDwvbGk+CgogIDxsaT4KICAgIAogIDxkaXYgY2xhc3M9ImpzLXRvZ2dsZXItY29udGFpbmVyIGpzLXNvY2lhbC1jb250YWluZXIgc3RhcnJpbmctY29udGFpbmVyICI+CgogICAgPCEtLSA8L3RleHRhcmVhPiAtLT48IS0tICciYCAtLT48Zm9ybSBhY2NlcHQtY2hhcnNldD0iVVRGLTgiIGFjdGlvbj0iL2dpbGxlc2RlbWV5L2dvb2dsZS1zcGVlY2gtdjIvdW5zdGFyIiBjbGFzcz0ic3RhcnJlZCIgZGF0YS1mb3JtLW5vbmNlPSJlMzZkNzkyNTY3MzA4NTE5OGExOTI5ZWIzYjY2OGU4Yzk4ZjVlNDQ2IiBkYXRhLXJlbW90ZT0idHJ1ZSIgbWV0aG9kPSJwb3N0Ij48ZGl2IHN0eWxlPSJtYXJnaW46MDtwYWRkaW5nOjA7ZGlzcGxheTppbmxpbmUiPjxpbnB1dCBuYW1lPSJ1dGY4IiB0eXBlPSJoaWRkZW4iIHZhbHVlPSImI3gyNzEzOyIgLz48aW5wdXQgbmFtZT0iYXV0aGVudGljaXR5X3Rva2VuIiB0eXBlPSJoaWRkZW4iIHZhbHVlPSJWc293aks0dU9IWDhvMi9mbzcyb2lhbnpEeDV0bjdnVTV2aEE2dnF3NzNqQ0QyeTBVaGN2bFRlK0czZERVeHBEN1AzOTVoV05FV2w1RUVndDJ4dnJlZz09IiAvPjwvZGl2PgogICAgICA8YnV0dG9uCiAgICAgICAgY2xhc3M9ImJ0biBidG4tc20gYnRuLXdpdGgtY291bnQganMtdG9nZ2xlci10YXJnZXQiCiAgICAgICAgYXJpYS1sYWJlbD0iVW5zdGFyIHRoaXMgcmVwb3NpdG9yeSIgdGl0bGU9IlVuc3RhciBnaWxsZXNkZW1leS9nb29nbGUtc3BlZWNoLXYyIgogICAgICAgIGRhdGEtZ2EtY2xpY2s9IlJlcG9zaXRvcnksIGNsaWNrIHVuc3RhciBidXR0b24sIGFjdGlvbjpibG9iI3Nob3c7IHRleHQ6VW5zdGFyIj4KICAgICAgICA8c3ZnIGFyaWEtaGlkZGVuPSJ0cnVlIiBjbGFzcz0ib2N0aWNvbiBvY3RpY29uLXN0YXIiIGhlaWdodD0iMTYiIHZlcnNpb249IjEuMSIgdmlld0JveD0iMCAwIDE0IDE2IiB3aWR0aD0iMTQiPjxwYXRoIGQ9Ik0xNCA2bC00LjktLjY0TDcgMSA0LjkgNS4zNiAwIDZsMy42IDMuMjZMMi42NyAxNCA3IDExLjY3IDExLjMzIDE0bC0uOTMtNC43NHoiPjwvcGF0aD48L3N2Zz4KICAgICAgICBVbnN0YXIKICAgICAgPC9idXR0b24+CiAgICAgICAgPGEgY2xhc3M9InNvY2lhbC1jb3VudCBqcy1zb2NpYWwtY291bnQiIGhyZWY9Ii9naWxsZXNkZW1leS9nb29nbGUtc3BlZWNoLXYyL3N0YXJnYXplcnMiPgogICAgICAgICAgMzExCiAgICAgICAgPC9hPgo8L2Zvcm0+CiAgICA8IS0tIDwvdGV4dGFyZWE+IC0tPjwhLS0gJyJgIC0tPjxmb3JtIGFjY2VwdC1jaGFyc2V0PSJVVEYtOCIgYWN0aW9uPSIvZ2lsbGVzZGVtZXkvZ29vZ2xlLXNwZWVjaC12Mi9zdGFyIiBjbGFzcz0idW5zdGFycmVkIiBkYXRhLWZvcm0tbm9uY2U9ImUzNmQ3OTI1NjczMDg1MTk4YTE5MjllYjNiNjY4ZThjOThmNWU0NDYiIGRhdGEtcmVtb3RlPSJ0cnVlIiBtZXRob2Q9InBvc3QiPjxkaXYgc3R5bGU9Im1hcmdpbjowO3BhZGRpbmc6MDtkaXNwbGF5OmlubGluZSI+PGlucHV0IG5hbWU9InV0ZjgiIHR5cGU9ImhpZGRlbiIgdmFsdWU9IiYjeDI3MTM7IiAvPjxpbnB1dCBuYW1lPSJhdXRoZW50aWNpdHlfdG9rZW4iIHR5cGU9ImhpZGRlbiIgdmFsdWU9ImM1TkxlVzlCQU0wSThBWlgyYzdNd0xCeThJUVJTNzR0U0JnL0RPaWhqaUZQaUlWWEFhYTNjYXdodUlqQUh5NmNaRFdVZ1dRZUUweXpxU2hneG41QU53PT0iIC8+PC9kaXY+CiAgICAgIDxidXR0b24KICAgICAgICBjbGFzcz0iYnRuIGJ0bi1zbSBidG4td2l0aC1jb3VudCBqcy10b2dnbGVyLXRhcmdldCIKICAgICAgICBhcmlhLWxhYmVsPSJTdGFyIHRoaXMgcmVwb3NpdG9yeSIgdGl0bGU9IlN0YXIgZ2lsbGVzZGVtZXkvZ29vZ2xlLXNwZWVjaC12MiIKICAgICAgICBkYXRhLWdhLWNsaWNrPSJSZXBvc2l0b3J5LCBjbGljayBzdGFyIGJ1dHRvbiwgYWN0aW9uOmJsb2Ijc2hvdzsgdGV4dDpTdGFyIj4KICAgICAgICA8c3ZnIGFyaWEtaGlkZGVuPSJ0cnVlIiBjbGFzcz0ib2N0aWNvbiBvY3RpY29uLXN0YXIiIGhlaWdodD0iMTYiIHZlcnNpb249IjEuMSIgdmlld0JveD0iMCAwIDE0IDE2IiB3aWR0aD0iMTQiPjxwYXRoIGQ9Ik0xNCA2bC00LjktLjY0TDcgMSA0LjkgNS4zNiAwIDZsMy42IDMuMjZMMi42NyAxNCA3IDExLjY3IDExLjMzIDE0bC0uOTMtNC43NHoiPjwvcGF0aD48L3N2Zz4KICAgICAgICBTdGFyCiAgICAgIDwvYnV0dG9uPgogICAgICAgIDxhIGNsYXNzPSJzb2NpYWwtY291bnQganMtc29jaWFsLWNvdW50IiBocmVmPSIvZ2lsbGVzZGVtZXkvZ29vZ2xlLXNwZWVjaC12Mi9zdGFyZ2F6ZXJzIj4KICAgICAgICAgIDMxMQogICAgICAgIDwvYT4KPC9mb3JtPiAgPC9kaXY+CgogIDwvbGk+CgogIDxsaT4KICAgICAgICAgIDwhLS0gPC90ZXh0YXJlYT4gLS0+PCEtLSAnImAgLS0+PGZvcm0gYWNjZXB0LWNoYXJzZXQ9IlVURi04IiBhY3Rpb249Ii9naWxsZXNkZW1leS9nb29nbGUtc3BlZWNoLXYyL2ZvcmsiIGNsYXNzPSJidG4td2l0aC1jb3VudCIgZGF0YS1mb3JtLW5vbmNlPSJlMzZkNzkyNTY3MzA4NTE5OGExOTI5ZWIzYjY2OGU4Yzk4ZjVlNDQ2IiBtZXRob2Q9InBvc3QiPjxkaXYgc3R5bGU9Im1hcmdpbjowO3BhZGRpbmc6MDtkaXNwbGF5OmlubGluZSI+PGlucHV0IG5hbWU9InV0ZjgiIHR5cGU9ImhpZGRlbiIgdmFsdWU9IiYjeDI3MTM7IiAvPjxpbnB1dCBuYW1lPSJhdXRoZW50aWNpdHlfdG9rZW4iIHR5cGU9ImhpZGRlbiIgdmFsdWU9IkhtYytFN0Q0WFZLM0RGSHpvQlIwZCtwNWVuVkNOTkc0MkVaVHFSeTNJaGd1QngrY2IrK21EUkZtc01nUnJPZDFNQ2ZrbW5weC9HMktZUjF6LzNNd1VnPT0iIC8+PC9kaXY+CiAgICAgICAgICAgIDxidXR0b24KICAgICAgICAgICAgICAgIHR5cGU9InN1Ym1pdCIKICAgICAgICAgICAgICAgIGNsYXNzPSJidG4gYnRuLXNtIGJ0bi13aXRoLWNvdW50IgogICAgICAgICAgICAgICAgZGF0YS1nYS1jbGljaz0iUmVwb3NpdG9yeSwgc2hvdyBmb3JrIG1vZGFsLCBhY3Rpb246YmxvYiNzaG93OyB0ZXh0OkZvcmsiCiAgICAgICAgICAgICAgICB0aXRsZT0iRm9yayB5b3VyIG93biBjb3B5IG9mIGdpbGxlc2RlbWV5L2dvb2dsZS1zcGVlY2gtdjIgdG8geW91ciBhY2NvdW50IgogICAgICAgICAgICAgICAgYXJpYS1sYWJlbD0iRm9yayB5b3VyIG93biBjb3B5IG9mIGdpbGxlc2RlbWV5L2dvb2dsZS1zcGVlY2gtdjIgdG8geW91ciBhY2NvdW50Ij4KICAgICAgICAgICAgICA8c3ZnIGFyaWEtaGlkZGVuPSJ0cnVlIiBjbGFzcz0ib2N0aWNvbiBvY3RpY29uLXJlcG8tZm9ya2VkIiBoZWlnaHQ9IjE2IiB2ZXJzaW9uPSIxLjEiIHZpZXdCb3g9IjAgMCAxMCAxNiIgd2lkdGg9IjEwIj48cGF0aCBkPSJNOCAxYTEuOTkzIDEuOTkzIDAgMCAwLTEgMy43MlY2TDUgOCAzIDZWNC43MkExLjk5MyAxLjk5MyAwIDAgMCAyIDFhMS45OTMgMS45OTMgMCAwIDAtMSAzLjcyVjYuNWwzIDN2MS43OEExLjk5MyAxLjk5MyAwIDAgMCA1IDE1YTEuOTkzIDEuOTkzIDAgMCAwIDEtMy43MlY5LjVsMy0zVjQuNzJBMS45OTMgMS45OTMgMCAwIDAgOCAxek0yIDQuMkMxLjM0IDQuMi44IDMuNjUuOCAzYzAtLjY1LjU1LTEuMiAxLjItMS4yLjY1IDAgMS4yLjU1IDEuMiAxLjIgMCAuNjUtLjU1IDEuMi0xLjIgMS4yem0zIDEwYy0uNjYgMC0xLjItLjU1LTEuMi0xLjIgMC0uNjUuNTUtMS4yIDEuMi0xLjIuNjUgMCAxLjIuNTUgMS4yIDEuMiAwIC42NS0uNTUgMS4yLTEuMiAxLjJ6bTMtMTBjLS42NiAwLTEuMi0uNTUtMS4yLTEuMiAwLS42NS41NS0xLjIgMS4yLTEuMi42NSAwIDEuMi41NSAxLjIgMS4yIDAgLjY1LS41NSAxLjItMS4yIDEuMnoiPjwvcGF0aD48L3N2Zz4KICAgICAgICAgICAgICBGb3JrCiAgICAgICAgICAgIDwvYnV0dG9uPgo8L2Zvcm0+CiAgICA8YSBocmVmPSIvZ2lsbGVzZGVtZXkvZ29vZ2xlLXNwZWVjaC12Mi9uZXR3b3JrIiBjbGFzcz0ic29jaWFsLWNvdW50Ij4KICAgICAgNjUKICAgIDwvYT4KICA8L2xpPgo8L3VsPgoKICAgIDxoMSBjbGFzcz0icHVibGljICI+CiAgPHN2ZyBhcmlhLWhpZGRlbj0idHJ1ZSIgY2xhc3M9Im9jdGljb24gb2N0aWNvbi1yZXBvIiBoZWlnaHQ9IjE2IiB2ZXJzaW9uPSIxLjEiIHZpZXdCb3g9IjAgMCAxMiAxNiIgd2lkdGg9IjEyIj48cGF0aCBkPSJNNCA5SDNWOGgxdjF6bTAtM0gzdjFoMVY2em0wLTJIM3YxaDFWNHptMC0ySDN2MWgxVjJ6bTgtMXYxMmMwIC41NS0uNDUgMS0xIDFINnYybC0xLjUtMS41TDMgMTZ2LTJIMWMtLjU1IDAtMS0uNDUtMS0xVjFjMC0uNTUuNDUtMSAxLTFoMTBjLjU1IDAgMSAuNDUgMSAxem0tMSAxMEgxdjJoMnYtMWgzdjFoNXYtMnptMC0xMEgydjloOVYxeiI+PC9wYXRoPjwvc3ZnPgogIDxzcGFuIGNsYXNzPSJhdXRob3IiIGl0ZW1wcm9wPSJhdXRob3IiPjxhIGhyZWY9Ii9naWxsZXNkZW1leSIgY2xhc3M9InVybCBmbiIgcmVsPSJhdXRob3IiPmdpbGxlc2RlbWV5PC9hPjwvc3Bhbj48IS0tCi0tPjxzcGFuIGNsYXNzPSJwYXRoLWRpdmlkZXIiPi88L3NwYW4+PCEtLQotLT48c3Ryb25nIGl0ZW1wcm9wPSJuYW1lIj48YSBocmVmPSIvZ2lsbGVzZGVtZXkvZ29vZ2xlLXNwZWVjaC12MiIgZGF0YS1wamF4PSIjanMtcmVwby1wamF4LWNvbnRhaW5lciI+Z29vZ2xlLXNwZWVjaC12MjwvYT48L3N0cm9uZz4KCjwvaDE+CgogIDwvZGl2PgogIDxkaXYgY2xhc3M9ImNvbnRhaW5lciI+CiAgICAKPG5hdiBjbGFzcz0icmVwb25hdiBqcy1yZXBvLW5hdiBqcy1zaWRlbmF2LWNvbnRhaW5lci1wamF4IgogICAgIGl0ZW1zY29wZQogICAgIGl0ZW10eXBlPSJodHRwOi8vc2NoZW1hLm9yZy9CcmVhZGNydW1iTGlzdCIKICAgICByb2xlPSJuYXZpZ2F0aW9uIgogICAgIGRhdGEtcGpheD0iI2pzLXJlcG8tcGpheC1jb250YWluZXIiPgoKICA8c3BhbiBpdGVtc2NvcGUgaXRlbXR5cGU9Imh0dHA6Ly9zY2hlbWEub3JnL0xpc3RJdGVtIiBpdGVtcHJvcD0iaXRlbUxpc3RFbGVtZW50Ij4KICAgIDxhIGhyZWY9Ii9naWxsZXNkZW1leS9nb29nbGUtc3BlZWNoLXYyIiBhcmlhLXNlbGVjdGVkPSJ0cnVlIiBjbGFzcz0ianMtc2VsZWN0ZWQtbmF2aWdhdGlvbi1pdGVtIHNlbGVjdGVkIHJlcG9uYXYtaXRlbSIgZGF0YS1ob3RrZXk9ImcgYyIgZGF0YS1zZWxlY3RlZC1saW5rcz0icmVwb19zb3VyY2UgcmVwb19kb3dubG9hZHMgcmVwb19jb21taXRzIHJlcG9fcmVsZWFzZXMgcmVwb190YWdzIHJlcG9fYnJhbmNoZXMgL2dpbGxlc2RlbWV5L2dvb2dsZS1zcGVlY2gtdjIiIGl0ZW1wcm9wPSJ1cmwiPgogICAgICA8c3ZnIGFyaWEtaGlkZGVuPSJ0cnVlIiBjbGFzcz0ib2N0aWNvbiBvY3RpY29uLWNvZGUiIGhlaWdodD0iMTYiIHZlcnNpb249IjEuMSIgdmlld0JveD0iMCAwIDE0IDE2IiB3aWR0aD0iMTQiPjxwYXRoIGQ9Ik05LjUgM0w4IDQuNSAxMS41IDggOCAxMS41IDkuNSAxMyAxNCA4IDkuNSAzem0tNSAwTDAgOGw0LjUgNUw2IDExLjUgMi41IDggNiA0LjUgNC41IDN6Ij48L3BhdGg+PC9zdmc+CiAgICAgIDxzcGFuIGl0ZW1wcm9wPSJuYW1lIj5Db2RlPC9zcGFuPgogICAgICA8bWV0YSBpdGVtcHJvcD0icG9zaXRpb24iIGNvbnRlbnQ9IjEiPgo8L2E+ICA8L3NwYW4+CgogICAgPHNwYW4gaXRlbXNjb3BlIGl0ZW10eXBlPSJodHRwOi8vc2NoZW1hLm9yZy9MaXN0SXRlbSIgaXRlbXByb3A9Iml0ZW1MaXN0RWxlbWVudCI+CiAgICAgIDxhIGhyZWY9Ii9naWxsZXNkZW1leS9nb29nbGUtc3BlZWNoLXYyL2lzc3VlcyIgY2xhc3M9ImpzLXNlbGVjdGVkLW5hdmlnYXRpb24taXRlbSByZXBvbmF2LWl0ZW0iIGRhdGEtaG90a2V5PSJnIGkiIGRhdGEtc2VsZWN0ZWQtbGlua3M9InJlcG9faXNzdWVzIHJlcG9fbGFiZWxzIHJlcG9fbWlsZXN0b25lcyAvZ2lsbGVzZGVtZXkvZ29vZ2xlLXNwZWVjaC12Mi9pc3N1ZXMiIGl0ZW1wcm9wPSJ1cmwiPgogICAgICAgIDxzdmcgYXJpYS1oaWRkZW49InRydWUiIGNsYXNzPSJvY3RpY29uIG9jdGljb24taXNzdWUtb3BlbmVkIiBoZWlnaHQ9IjE2IiB2ZXJzaW9uPSIxLjEiIHZpZXdCb3g9IjAgMCAxNCAxNiIgd2lkdGg9IjE0Ij48cGF0aCBkPSJNNyAyLjNjMy4xNCAwIDUuNyAyLjU2IDUuNyA1LjdzLTIuNTYgNS43LTUuNyA1LjdBNS43MSA1LjcxIDAgMCAxIDEuMyA4YzAtMy4xNCAyLjU2LTUuNyA1LjctNS43ek03IDFDMy4xNCAxIDAgNC4xNCAwIDhzMy4xNCA3IDcgNyA3LTMuMTQgNy03LTMuMTQtNy03LTd6bTEgM0g2djVoMlY0em0wIDZINnYyaDJ2LTJ6Ij48L3BhdGg+PC9zdmc+CiAgICAgICAgPHNwYW4gaXRlbXByb3A9Im5hbWUiPklzc3Vlczwvc3Bhbj4KICAgICAgICA8c3BhbiBjbGFzcz0iY291bnRlciI+NDwvc3Bhbj4KICAgICAgICA8bWV0YSBpdGVtcHJvcD0icG9zaXRpb24iIGNvbnRlbnQ9IjIiPgo8L2E+ICAgIDwvc3Bhbj4KCiAgPHNwYW4gaXRlbXNjb3BlIGl0ZW10eXBlPSJodHRwOi8vc2NoZW1hLm9yZy9MaXN0SXRlbSIgaXRlbXByb3A9Iml0ZW1MaXN0RWxlbWVudCI+CiAgICA8YSBocmVmPSIvZ2lsbGVzZGVtZXkvZ29vZ2xlLXNwZWVjaC12Mi9wdWxscyIgY2xhc3M9ImpzLXNlbGVjdGVkLW5hdmlnYXRpb24taXRlbSByZXBvbmF2LWl0ZW0iIGRhdGEtaG90a2V5PSJnIHAiIGRhdGEtc2VsZWN0ZWQtbGlua3M9InJlcG9fcHVsbHMgL2dpbGxlc2RlbWV5L2dvb2dsZS1zcGVlY2gtdjIvcHVsbHMiIGl0ZW1wcm9wPSJ1cmwiPgogICAgICA8c3ZnIGFyaWEtaGlkZGVuPSJ0cnVlIiBjbGFzcz0ib2N0aWNvbiBvY3RpY29uLWdpdC1wdWxsLXJlcXVlc3QiIGhlaWdodD0iMTYiIHZlcnNpb249IjEuMSIgdmlld0JveD0iMCAwIDEyIDE2IiB3aWR0aD0iMTIiPjxwYXRoIGQ9Ik0xMSAxMS4yOFY1Yy0uMDMtLjc4LS4zNC0xLjQ3LS45NC0yLjA2QzkuNDYgMi4zNSA4Ljc4IDIuMDMgOCAySDdWMEw0IDNsMyAzVjRoMWMuMjcuMDIuNDguMTEuNjkuMzEuMjEuMi4zLjQyLjMxLjY5djYuMjhBMS45OTMgMS45OTMgMCAwIDAgMTAgMTVhMS45OTMgMS45OTMgMCAwIDAgMS0zLjcyem0tMSAyLjkyYy0uNjYgMC0xLjItLjU1LTEuMi0xLjIgMC0uNjUuNTUtMS4yIDEuMi0xLjIuNjUgMCAxLjIuNTUgMS4yIDEuMiAwIC42NS0uNTUgMS4yLTEuMiAxLjJ6TTQgM2MwLTEuMTEtLjg5LTItMi0yYTEuOTkzIDEuOTkzIDAgMCAwLTEgMy43MnY2LjU2QTEuOTkzIDEuOTkzIDAgMCAwIDIgMTVhMS45OTMgMS45OTMgMCAwIDAgMS0zLjcyVjQuNzJjLjU5LS4zNCAxLS45OCAxLTEuNzJ6bS0uOCAxMGMwIC42Ni0uNTUgMS4yLTEuMiAxLjItLjY1IDAtMS4yLS41NS0xLjItMS4yIDAtLjY1LjU1LTEuMiAxLjItMS4yLjY1IDAgMS4yLjU1IDEuMiAxLjJ6TTIgNC4yQzEuMzQgNC4yLjggMy42NS44IDNjMC0uNjUuNTUtMS4yIDEuMi0xLjIuNjUgMCAxLjIuNTUgMS4yIDEuMiAwIC42NS0uNTUgMS4yLTEuMiAxLjJ6Ij48L3BhdGg+PC9zdmc+CiAgICAgIDxzcGFuIGl0ZW1wcm9wPSJuYW1lIj5QdWxsIHJlcXVlc3RzPC9zcGFuPgogICAgICA8c3BhbiBjbGFzcz0iY291bnRlciI+MDwvc3Bhbj4KICAgICAgPG1ldGEgaXRlbXByb3A9InBvc2l0aW9uIiBjb250ZW50PSIzIj4KPC9hPiAgPC9zcGFuPgoKICAgIDxhIGhyZWY9Ii9naWxsZXNkZW1leS9nb29nbGUtc3BlZWNoLXYyL3dpa2kiIGNsYXNzPSJqcy1zZWxlY3RlZC1uYXZpZ2F0aW9uLWl0ZW0gcmVwb25hdi1pdGVtIiBkYXRhLWhvdGtleT0iZyB3IiBkYXRhLXNlbGVjdGVkLWxpbmtzPSJyZXBvX3dpa2kgL2dpbGxlc2RlbWV5L2dvb2dsZS1zcGVlY2gtdjIvd2lraSI+CiAgICAgIDxzdmcgYXJpYS1oaWRkZW49InRydWUiIGNsYXNzPSJvY3RpY29uIG9jdGljb24tYm9vayIgaGVpZ2h0PSIxNiIgdmVyc2lvbj0iMS4xIiB2aWV3Qm94PSIwIDAgMTYgMTYiIHdpZHRoPSIxNiI+PHBhdGggZD0iTTMgNWg0djFIM1Y1em0wIDNoNFY3SDN2MXptMCAyaDRWOUgzdjF6bTExLTVoLTR2MWg0VjV6bTAgMmgtNHYxaDRWN3ptMCAyaC00djFoNFY5em0yLTZ2OWMwIC41NS0uNDUgMS0xIDFIOS41bC0xIDEtMS0xSDJjLS41NSAwLTEtLjQ1LTEtMVYzYzAtLjU1LjQ1LTEgMS0xaDUuNWwxIDEgMS0xSDE1Yy41NSAwIDEgLjQ1IDEgMXptLTggLjVMNy41IDNIMnY5aDZWMy41em03LS41SDkuNWwtLjUuNVYxMmg2VjN6Ij48L3BhdGg+PC9zdmc+CiAgICAgIFdpa2kKPC9hPgoKICA8YSBocmVmPSIvZ2lsbGVzZGVtZXkvZ29vZ2xlLXNwZWVjaC12Mi9wdWxzZSIgY2xhc3M9ImpzLXNlbGVjdGVkLW5hdmlnYXRpb24taXRlbSByZXBvbmF2LWl0ZW0iIGRhdGEtc2VsZWN0ZWQtbGlua3M9InB1bHNlIC9naWxsZXNkZW1leS9nb29nbGUtc3BlZWNoLXYyL3B1bHNlIj4KICAgIDxzdmcgYXJpYS1oaWRkZW49InRydWUiIGNsYXNzPSJvY3RpY29uIG9jdGljb24tcHVsc2UiIGhlaWdodD0iMTYiIHZlcnNpb249IjEuMSIgdmlld0JveD0iMCAwIDE0IDE2IiB3aWR0aD0iMTQiPjxwYXRoIGQ9Ik0xMS41IDhMOC44IDUuNCA2LjYgOC41IDUuNSAxLjYgMi4zOCA4SDB2MmgzLjZsLjktMS44LjkgNS40TDkgOC41bDEuNiAxLjVIMTRWOHoiPjwvcGF0aD48L3N2Zz4KICAgIFB1bHNlCjwvYT4KICA8YSBocmVmPSIvZ2lsbGVzZGVtZXkvZ29vZ2xlLXNwZWVjaC12Mi9ncmFwaHMiIGNsYXNzPSJqcy1zZWxlY3RlZC1uYXZpZ2F0aW9uLWl0ZW0gcmVwb25hdi1pdGVtIiBkYXRhLXNlbGVjdGVkLWxpbmtzPSJyZXBvX2dyYXBocyByZXBvX2NvbnRyaWJ1dG9ycyAvZ2lsbGVzZGVtZXkvZ29vZ2xlLXNwZWVjaC12Mi9ncmFwaHMiPgogICAgPHN2ZyBhcmlhLWhpZGRlbj0idHJ1ZSIgY2xhc3M9Im9jdGljb24gb2N0aWNvbi1ncmFwaCIgaGVpZ2h0PSIxNiIgdmVyc2lvbj0iMS4xIiB2aWV3Qm94PSIwIDAgMTYgMTYiIHdpZHRoPSIxNiI+PHBhdGggZD0iTTE2IDE0djFIMFYwaDF2MTRoMTV6TTUgMTNIM1Y4aDJ2NXptNCAwSDdWM2gydjEwem00IDBoLTJWNmgydjd6Ij48L3BhdGg+PC9zdmc+CiAgICBHcmFwaHMKPC9hPgoKPC9uYXY+CgogIDwvZGl2Pgo8L2Rpdj4KCjxkaXYgY2xhc3M9ImNvbnRhaW5lciBuZXctZGlzY3Vzc2lvbi10aW1lbGluZSBleHBlcmltZW50LXJlcG8tbmF2Ij4KICA8ZGl2IGNsYXNzPSJyZXBvc2l0b3J5LWNvbnRlbnQiPgoKICAgIAoKPGEgaHJlZj0iL2dpbGxlc2RlbWV5L2dvb2dsZS1zcGVlY2gtdjIvYmxvYi82MzgzOGYwZDQzZjljNzZjNDE1ZTg4Y2RjMGQ3YWRiNjU0ZmEzZDM1L2F1ZGlvL2dvb2QtbW9ybmluZy1nb29nbGUuZmxhYyIgY2xhc3M9ImhpZGRlbiBqcy1wZXJtYWxpbmstc2hvcnRjdXQiIGRhdGEtaG90a2V5PSJ5Ij5QZXJtYWxpbms8L2E+Cgo8IS0tIGJsb2IgY29udHJpYiBrZXk6IGJsb2JfY29udHJpYnV0b3JzOnYyMTozZWJlNzAwMmY2YzgwZGZmZmM5NDdiNGU3NGE1ZTcwNSAtLT4KCjxkaXYgY2xhc3M9ImZpbGUtbmF2aWdhdGlvbiBqcy16ZXJvY2xpcGJvYXJkLWNvbnRhaW5lciI+CiAgCjxkaXYgY2xhc3M9InNlbGVjdC1tZW51IGJyYW5jaC1zZWxlY3QtbWVudSBqcy1tZW51LWNvbnRhaW5lciBqcy1zZWxlY3QtbWVudSBsZWZ0Ij4KICA8YnV0dG9uIGNsYXNzPSJidG4gYnRuLXNtIHNlbGVjdC1tZW51LWJ1dHRvbiBqcy1tZW51LXRhcmdldCBjc3MtdHJ1bmNhdGUiIGRhdGEtaG90a2V5PSJ3IgogICAgCiAgICB0eXBlPSJidXR0b24iIGFyaWEtbGFiZWw9IlN3aXRjaCBicmFuY2hlcyBvciB0YWdzIiB0YWJpbmRleD0iMCIgYXJpYS1oYXNwb3B1cD0idHJ1ZSI+CiAgICA8aT5CcmFuY2g6PC9pPgogICAgPHNwYW4gY2xhc3M9ImpzLXNlbGVjdC1idXR0b24gY3NzLXRydW5jYXRlLXRhcmdldCI+bWFzdGVyPC9zcGFuPgogIDwvYnV0dG9uPgoKICA8ZGl2IGNsYXNzPSJzZWxlY3QtbWVudS1tb2RhbC1ob2xkZXIganMtbWVudS1jb250ZW50IGpzLW5hdmlnYXRpb24tY29udGFpbmVyIiBkYXRhLXBqYXggYXJpYS1oaWRkZW49InRydWUiPgoKICAgIDxkaXYgY2xhc3M9InNlbGVjdC1tZW51LW1vZGFsIj4KICAgICAgPGRpdiBjbGFzcz0ic2VsZWN0LW1lbnUtaGVhZGVyIj4KICAgICAgICA8c3ZnIGFyaWEtbGFiZWw9IkNsb3NlIiBjbGFzcz0ib2N0aWNvbiBvY3RpY29uLXgganMtbWVudS1jbG9zZSIgaGVpZ2h0PSIxNiIgcm9sZT0iaW1nIiB2ZXJzaW9uPSIxLjEiIHZpZXdCb3g9IjAgMCAxMiAxNiIgd2lkdGg9IjEyIj48cGF0aCBkPSJNNy40OCA4bDMuNzUgMy43NS0xLjQ4IDEuNDhMNiA5LjQ4bC0zLjc1IDMuNzUtMS40OC0xLjQ4TDQuNTIgOCAuNzcgNC4yNWwxLjQ4LTEuNDhMNiA2LjUybDMuNzUtMy43NSAxLjQ4IDEuNDh6Ij48L3BhdGg+PC9zdmc+CiAgICAgICAgPHNwYW4gY2xhc3M9InNlbGVjdC1tZW51LXRpdGxlIj5Td2l0Y2ggYnJhbmNoZXMvdGFnczwvc3Bhbj4KICAgICAgPC9kaXY+CgogICAgICA8ZGl2IGNsYXNzPSJzZWxlY3QtbWVudS1maWx0ZXJzIj4KICAgICAgICA8ZGl2IGNsYXNzPSJzZWxlY3QtbWVudS10ZXh0LWZpbHRlciI+CiAgICAgICAgICA8aW5wdXQgdHlwZT0idGV4dCIgYXJpYS1sYWJlbD0iRmlsdGVyIGJyYW5jaGVzL3RhZ3MiIGlkPSJjb250ZXh0LWNvbW1pdGlzaC1maWx0ZXItZmllbGQiIGNsYXNzPSJmb3JtLWNvbnRyb2wganMtZmlsdGVyYWJsZS1maWVsZCBqcy1uYXZpZ2F0aW9uLWVuYWJsZSIgcGxhY2Vob2xkZXI9IkZpbHRlciBicmFuY2hlcy90YWdzIj4KICAgICAgICA8L2Rpdj4KICAgICAgICA8ZGl2IGNsYXNzPSJzZWxlY3QtbWVudS10YWJzIj4KICAgICAgICAgIDx1bD4KICAgICAgICAgICAgPGxpIGNsYXNzPSJzZWxlY3QtbWVudS10YWIiPgogICAgICAgICAgICAgIDxhIGhyZWY9IiMiIGRhdGEtdGFiLWZpbHRlcj0iYnJhbmNoZXMiIGRhdGEtZmlsdGVyLXBsYWNlaG9sZGVyPSJGaWx0ZXIgYnJhbmNoZXMvdGFncyIgY2xhc3M9ImpzLXNlbGVjdC1tZW51LXRhYiIgcm9sZT0idGFiIj5CcmFuY2hlczwvYT4KICAgICAgICAgICAgPC9saT4KICAgICAgICAgICAgPGxpIGNsYXNzPSJzZWxlY3QtbWVudS10YWIiPgogICAgICAgICAgICAgIDxhIGhyZWY9IiMiIGRhdGEtdGFiLWZpbHRlcj0idGFncyIgZGF0YS1maWx0ZXItcGxhY2Vob2xkZXI9IkZpbmQgYSB0YWfigKYiIGNsYXNzPSJqcy1zZWxlY3QtbWVudS10YWIiIHJvbGU9InRhYiI+VGFnczwvYT4KICAgICAgICAgICAgPC9saT4KICAgICAgICAgIDwvdWw+CiAgICAgICAgPC9kaXY+CiAgICAgIDwvZGl2PgoKICAgICAgPGRpdiBjbGFzcz0ic2VsZWN0LW1lbnUtbGlzdCBzZWxlY3QtbWVudS10YWItYnVja2V0IGpzLXNlbGVjdC1tZW51LXRhYi1idWNrZXQiIGRhdGEtdGFiLWZpbHRlcj0iYnJhbmNoZXMiIHJvbGU9Im1lbnUiPgoKICAgICAgICA8ZGl2IGRhdGEtZmlsdGVyYWJsZS1mb3I9ImNvbnRleHQtY29tbWl0aXNoLWZpbHRlci1maWVsZCIgZGF0YS1maWx0ZXJhYmxlLXR5cGU9InN1YnN0cmluZyI+CgoKICAgICAgICAgICAgPGEgY2xhc3M9InNlbGVjdC1tZW51LWl0ZW0ganMtbmF2aWdhdGlvbi1pdGVtIGpzLW5hdmlnYXRpb24tb3BlbiBzZWxlY3RlZCIKICAgICAgICAgICAgICAgaHJlZj0iL2dpbGxlc2RlbWV5L2dvb2dsZS1zcGVlY2gtdjIvYmxvYi9tYXN0ZXIvYXVkaW8vZ29vZC1tb3JuaW5nLWdvb2dsZS5mbGFjIgogICAgICAgICAgICAgICBkYXRhLW5hbWU9Im1hc3RlciIKICAgICAgICAgICAgICAgZGF0YS1za2lwLXBqYXg9InRydWUiCiAgICAgICAgICAgICAgIHJlbD0ibm9mb2xsb3ciPgogICAgICAgICAgICAgIDxzdmcgYXJpYS1oaWRkZW49InRydWUiIGNsYXNzPSJvY3RpY29uIG9jdGljb24tY2hlY2sgc2VsZWN0LW1lbnUtaXRlbS1pY29uIiBoZWlnaHQ9IjE2IiB2ZXJzaW9uPSIxLjEiIHZpZXdCb3g9IjAgMCAxMiAxNiIgd2lkdGg9IjEyIj48cGF0aCBkPSJNMTIgNWwtOCA4LTQtNCAxLjUtMS41TDQgMTBsNi41LTYuNXoiPjwvcGF0aD48L3N2Zz4KICAgICAgICAgICAgICA8c3BhbiBjbGFzcz0ic2VsZWN0LW1lbnUtaXRlbS10ZXh0IGNzcy10cnVuY2F0ZS10YXJnZXQganMtc2VsZWN0LW1lbnUtZmlsdGVyLXRleHQiPgogICAgICAgICAgICAgICAgbWFzdGVyCiAgICAgICAgICAgICAgPC9zcGFuPgogICAgICAgICAgICA8L2E+CiAgICAgICAgPC9kaXY+CgogICAgICAgICAgPGRpdiBjbGFzcz0ic2VsZWN0LW1lbnUtbm8tcmVzdWx0cyI+Tm90aGluZyB0byBzaG93PC9kaXY+CiAgICAgIDwvZGl2PgoKICAgICAgPGRpdiBjbGFzcz0ic2VsZWN0LW1lbnUtbGlzdCBzZWxlY3QtbWVudS10YWItYnVja2V0IGpzLXNlbGVjdC1tZW51LXRhYi1idWNrZXQiIGRhdGEtdGFiLWZpbHRlcj0idGFncyI+CiAgICAgICAgPGRpdiBkYXRhLWZpbHRlcmFibGUtZm9yPSJjb250ZXh0LWNvbW1pdGlzaC1maWx0ZXItZmllbGQiIGRhdGEtZmlsdGVyYWJsZS10eXBlPSJzdWJzdHJpbmciPgoKCiAgICAgICAgPC9kaXY+CgogICAgICAgIDxkaXYgY2xhc3M9InNlbGVjdC1tZW51LW5vLXJlc3VsdHMiPk5vdGhpbmcgdG8gc2hvdzwvZGl2PgogICAgICA8L2Rpdj4KCiAgICA8L2Rpdj4KICA8L2Rpdj4KPC9kaXY+CgogIDxkaXYgY2xhc3M9ImJ0bi1ncm91cCByaWdodCI+CiAgICA8YSBocmVmPSIvZ2lsbGVzZGVtZXkvZ29vZ2xlLXNwZWVjaC12Mi9maW5kL21hc3RlciIKICAgICAgICAgIGNsYXNzPSJqcy1wamF4LWNhcHR1cmUtaW5wdXQgYnRuIGJ0bi1zbSIKICAgICAgICAgIGRhdGEtcGpheAogICAgICAgICAgZGF0YS1ob3RrZXk9InQiPgogICAgICBGaW5kIGZpbGUKICAgIDwvYT4KICAgIDxidXR0b24gYXJpYS1sYWJlbD0iQ29weSBmaWxlIHBhdGggdG8gY2xpcGJvYXJkIiBjbGFzcz0ianMtemVyb2NsaXBib2FyZCBidG4gYnRuLXNtIHplcm9jbGlwYm9hcmQtYnV0dG9uIHRvb2x0aXBwZWQgdG9vbHRpcHBlZC1zIiBkYXRhLWNvcGllZC1oaW50PSJDb3BpZWQhIiB0eXBlPSJidXR0b24iPkNvcHkgcGF0aDwvYnV0dG9uPgogIDwvZGl2PgogIDxkaXYgY2xhc3M9ImJyZWFkY3J1bWIganMtemVyb2NsaXBib2FyZC10YXJnZXQiPgogICAgPHNwYW4gY2xhc3M9InJlcG8tcm9vdCBqcy1yZXBvLXJvb3QiPjxzcGFuIGNsYXNzPSJqcy1wYXRoLXNlZ21lbnQiPjxhIGhyZWY9Ii9naWxsZXNkZW1leS9nb29nbGUtc3BlZWNoLXYyIj48c3Bhbj5nb29nbGUtc3BlZWNoLXYyPC9zcGFuPjwvYT48L3NwYW4+PC9zcGFuPjxzcGFuIGNsYXNzPSJzZXBhcmF0b3IiPi88L3NwYW4+PHNwYW4gY2xhc3M9ImpzLXBhdGgtc2VnbWVudCI+PGEgaHJlZj0iL2dpbGxlc2RlbWV5L2dvb2dsZS1zcGVlY2gtdjIvdHJlZS9tYXN0ZXIvYXVkaW8iPjxzcGFuPmF1ZGlvPC9zcGFuPjwvYT48L3NwYW4+PHNwYW4gY2xhc3M9InNlcGFyYXRvciI+Lzwvc3Bhbj48c3Ryb25nIGNsYXNzPSJmaW5hbC1wYXRoIj5nb29kLW1vcm5pbmctZ29vZ2xlLmZsYWM8L3N0cm9uZz4KICA8L2Rpdj4KPC9kaXY+CgoKICA8ZGl2IGNsYXNzPSJjb21taXQtdGVhc2UiPgogICAgICA8c3BhbiBjbGFzcz0icmlnaHQiPgogICAgICAgIDxhIGNsYXNzPSJjb21taXQtdGVhc2Utc2hhIiBocmVmPSIvZ2lsbGVzZGVtZXkvZ29vZ2xlLXNwZWVjaC12Mi9jb21taXQvNzk1ZGExOTBmZDgyZmQ2ODdkNmE1ZWMzNzUzMGI2YTY1ZTY0MmE4MyIgZGF0YS1wamF4PgogICAgICAgICAgNzk1ZGExOQogICAgICAgIDwvYT4KICAgICAgICA8cmVsYXRpdmUtdGltZSBkYXRldGltZT0iMjAxNC0wNS0yMFQwODo1MjowMloiPk1heSAyMCwgMjAxNDwvcmVsYXRpdmUtdGltZT4KICAgICAgPC9zcGFuPgogICAgICA8ZGl2PgogICAgICAgIDxpbWcgYWx0PSJAZ2lsbGVzZGVtZXkiIGNsYXNzPSJhdmF0YXIiIGhlaWdodD0iMjAiIHNyYz0iaHR0cHM6Ly9hdmF0YXJzMi5naXRodWJ1c2VyY29udGVudC5jb20vdS84Njg4NDQ/dj0zJmFtcDtzPTQwIiB3aWR0aD0iMjAiIC8+CiAgICAgICAgPGEgaHJlZj0iL2dpbGxlc2RlbWV5IiBjbGFzcz0idXNlci1tZW50aW9uIiByZWw9ImF1dGhvciI+Z2lsbGVzZGVtZXk8L2E+CiAgICAgICAgICA8YSBocmVmPSIvZ2lsbGVzZGVtZXkvZ29vZ2xlLXNwZWVjaC12Mi9jb21taXQvNzk1ZGExOTBmZDgyZmQ2ODdkNmE1ZWMzNzUzMGI2YTY1ZTY0MmE4MyIgY2xhc3M9Im1lc3NhZ2UiIGRhdGEtcGpheD0idHJ1ZSIgdGl0bGU9IkluaXRpYWwgY29tbWl0Ij5Jbml0aWFsIGNvbW1pdDwvYT4KICAgICAgPC9kaXY+CgogICAgPGRpdiBjbGFzcz0iY29tbWl0LXRlYXNlLWNvbnRyaWJ1dG9ycyI+CiAgICAgIDxidXR0b24gdHlwZT0iYnV0dG9uIiBjbGFzcz0iYnRuLWxpbmsgbXV0ZWQtbGluayBjb250cmlidXRvcnMtdG9nZ2xlIiBkYXRhLWZhY2Vib3g9IiNibG9iX2NvbnRyaWJ1dG9yc19ib3giPgogICAgICAgIDxzdHJvbmc+MTwvc3Ryb25nPgogICAgICAgICBjb250cmlidXRvcgogICAgICA8L2J1dHRvbj4KICAgICAgCiAgICA8L2Rpdj4KCiAgICA8ZGl2IGlkPSJibG9iX2NvbnRyaWJ1dG9yc19ib3giIHN0eWxlPSJkaXNwbGF5Om5vbmUiPgogICAgICA8aDIgY2xhc3M9ImZhY2Vib3gtaGVhZGVyIiBkYXRhLWZhY2Vib3gtaWQ9ImZhY2Vib3gtaGVhZGVyIj5Vc2VycyB3aG8gaGF2ZSBjb250cmlidXRlZCB0byB0aGlzIGZpbGU8L2gyPgogICAgICA8dWwgY2xhc3M9ImZhY2Vib3gtdXNlci1saXN0IiBkYXRhLWZhY2Vib3gtaWQ9ImZhY2Vib3gtZGVzY3JpcHRpb24iPgogICAgICAgICAgPGxpIGNsYXNzPSJmYWNlYm94LXVzZXItbGlzdC1pdGVtIj4KICAgICAgICAgICAgPGltZyBhbHQ9IkBnaWxsZXNkZW1leSIgaGVpZ2h0PSIyNCIgc3JjPSJodHRwczovL2F2YXRhcnMwLmdpdGh1YnVzZXJjb250ZW50LmNvbS91Lzg2ODg0ND92PTMmYW1wO3M9NDgiIHdpZHRoPSIyNCIgLz4KICAgICAgICAgICAgPGEgaHJlZj0iL2dpbGxlc2RlbWV5Ij5naWxsZXNkZW1leTwvYT4KICAgICAgICAgIDwvbGk+CiAgICAgIDwvdWw+CiAgICA8L2Rpdj4KICA8L2Rpdj4KCjxkaXYgY2xhc3M9ImZpbGUiPgogIDxkaXYgY2xhc3M9ImZpbGUtaGVhZGVyIj4KICA8ZGl2IGNsYXNzPSJmaWxlLWFjdGlvbnMiPgoKICAgIDxkaXYgY2xhc3M9ImJ0bi1ncm91cCI+CiAgICAgIDxhIGhyZWY9Ii9naWxsZXNkZW1leS9nb29nbGUtc3BlZWNoLXYyL3Jhdy9tYXN0ZXIvYXVkaW8vZ29vZC1tb3JuaW5nLWdvb2dsZS5mbGFjIiBjbGFzcz0iYnRuIGJ0bi1zbSAiIGlkPSJyYXctdXJsIj5Eb3dubG9hZDwvYT4KICAgICAgPGEgaHJlZj0iL2dpbGxlc2RlbWV5L2dvb2dsZS1zcGVlY2gtdjIvY29tbWl0cy9tYXN0ZXIvYXVkaW8vZ29vZC1tb3JuaW5nLWdvb2dsZS5mbGFjIiBjbGFzcz0iYnRuIGJ0bi1zbSAiIHJlbD0ibm9mb2xsb3ciPkhpc3Rvcnk8L2E+CiAgICA8L2Rpdj4KCgogICAgICAgIDwhLS0gPC90ZXh0YXJlYT4gLS0+PCEtLSAnImAgLS0+PGZvcm0gYWNjZXB0LWNoYXJzZXQ9IlVURi04IiBhY3Rpb249Ii9naWxsZXNkZW1leS9nb29nbGUtc3BlZWNoLXYyL2RlbGV0ZS9tYXN0ZXIvYXVkaW8vZ29vZC1tb3JuaW5nLWdvb2dsZS5mbGFjIiBjbGFzcz0iaW5saW5lLWZvcm0iIGRhdGEtZm9ybS1ub25jZT0iZTM2ZDc5MjU2NzMwODUxOThhMTkyOWViM2I2NjhlOGM5OGY1ZTQ0NiIgbWV0aG9kPSJwb3N0Ij48ZGl2IHN0eWxlPSJtYXJnaW46MDtwYWRkaW5nOjA7ZGlzcGxheTppbmxpbmUiPjxpbnB1dCBuYW1lPSJ1dGY4IiB0eXBlPSJoaWRkZW4iIHZhbHVlPSImI3gyNzEzOyIgLz48aW5wdXQgbmFtZT0iYXV0aGVudGljaXR5X3Rva2VuIiB0eXBlPSJoaWRkZW4iIHZhbHVlPSJEV3lyOTZVZGlzdUxnNXdHR2t0QTNDTWp1c0drWFFPUFh4cTNhZVlJdUhON2tTMnp0eXpIVHpLRXlqaGlxb2NUU243MVhydWUvdnExdy9LYlpkbnM4UT09IiAvPjwvZGl2PgogICAgICAgICAgPGJ1dHRvbiBjbGFzcz0iYnRuLW9jdGljb24gYnRuLW9jdGljb24tZGFuZ2VyIHRvb2x0aXBwZWQgdG9vbHRpcHBlZC1udyIgdHlwZT0ic3VibWl0IgogICAgICAgICAgICBhcmlhLWxhYmVsPSJGb3JrIHRoaXMgcHJvamVjdCBhbmQgZGVsZXRlIHRoZSBmaWxlIiBkYXRhLWRpc2FibGUtd2l0aD4KICAgICAgICAgICAgPHN2ZyBhcmlhLWhpZGRlbj0idHJ1ZSIgY2xhc3M9Im9jdGljb24gb2N0aWNvbi10cmFzaGNhbiIgaGVpZ2h0PSIxNiIgdmVyc2lvbj0iMS4xIiB2aWV3Qm94PSIwIDAgMTIgMTYiIHdpZHRoPSIxMiI+PHBhdGggZD0iTTExIDJIOWMwLS41NS0uNDUtMS0xLTFINWMtLjU1IDAtMSAuNDUtMSAxSDJjLS41NSAwLTEgLjQ1LTEgMXYxYzAgLjU1LjQ1IDEgMSAxdjljMCAuNTUuNDUgMSAxIDFoN2MuNTUgMCAxLS40NSAxLTFWNWMuNTUgMCAxLS40NSAxLTFWM2MwLS41NS0uNDUtMS0xLTF6bS0xIDEySDNWNWgxdjhoMVY1aDF2OGgxVjVoMXY4aDFWNWgxdjl6bTEtMTBIMlYzaDl2MXoiPjwvcGF0aD48L3N2Zz4KICAgICAgICAgIDwvYnV0dG9uPgo8L2Zvcm0+ICA8L2Rpdj4KCiAgPGRpdiBjbGFzcz0iZmlsZS1pbmZvIj4KICAgIDEyMyBLQgogIDwvZGl2Pgo8L2Rpdj4KCiAgCgogIDxkaXYgaXRlbXByb3A9InRleHQiIGNsYXNzPSJibG9iLXdyYXBwZXIgZGF0YSB0eXBlLXRleHQiPgogICAgICA8ZGl2IGNsYXNzPSJpbWFnZSI+CiAgICAgICAgICA8YSBocmVmPSIvZ2lsbGVzZGVtZXkvZ29vZ2xlLXNwZWVjaC12Mi9ibG9iL21hc3Rlci9hdWRpby9nb29kLW1vcm5pbmctZ29vZ2xlLmZsYWM/cmF3PXRydWUiPlZpZXcgUmF3PC9hPgogICAgICA8L2Rpdj4KICA8L2Rpdj4KCjwvZGl2PgoKPGJ1dHRvbiB0eXBlPSJidXR0b24iIGRhdGEtZmFjZWJveD0iI2p1bXAtdG8tbGluZSIgZGF0YS1mYWNlYm94LWNsYXNzPSJsaW5lanVtcCIgZGF0YS1ob3RrZXk9ImwiIGNsYXNzPSJoaWRkZW4iPkp1bXAgdG8gTGluZTwvYnV0dG9uPgo8ZGl2IGlkPSJqdW1wLXRvLWxpbmUiIHN0eWxlPSJkaXNwbGF5Om5vbmUiPgogIDwhLS0gPC90ZXh0YXJlYT4gLS0+PCEtLSAnImAgLS0+PGZvcm0gYWNjZXB0LWNoYXJzZXQ9IlVURi04IiBhY3Rpb249IiIgY2xhc3M9ImpzLWp1bXAtdG8tbGluZS1mb3JtIiBtZXRob2Q9ImdldCI+PGRpdiBzdHlsZT0ibWFyZ2luOjA7cGFkZGluZzowO2Rpc3BsYXk6aW5saW5lIj48aW5wdXQgbmFtZT0idXRmOCIgdHlwZT0iaGlkZGVuIiB2YWx1ZT0iJiN4MjcxMzsiIC8+PC9kaXY+CiAgICA8aW5wdXQgY2xhc3M9ImZvcm0tY29udHJvbCBsaW5lanVtcC1pbnB1dCBqcy1qdW1wLXRvLWxpbmUtZmllbGQiIHR5cGU9InRleHQiIHBsYWNlaG9sZGVyPSJKdW1wIHRvIGxpbmUmaGVsbGlwOyIgYXJpYS1sYWJlbD0iSnVtcCB0byBsaW5lIiBhdXRvZm9jdXM+CiAgICA8YnV0dG9uIHR5cGU9InN1Ym1pdCIgY2xhc3M9ImJ0biI+R288L2J1dHRvbj4KPC9mb3JtPjwvZGl2PgoKICA8L2Rpdj4KICA8ZGl2IGNsYXNzPSJtb2RhbC1iYWNrZHJvcCBqcy10b3VjaC1ldmVudHMiPjwvZGl2Pgo8L2Rpdj4KCgogICAgPC9kaXY+CiAgPC9kaXY+CgogICAgPC9kaXY+CgogICAgICAgIDxkaXYgY2xhc3M9ImNvbnRhaW5lciBzaXRlLWZvb3Rlci1jb250YWluZXIiPgogIDxkaXYgY2xhc3M9InNpdGUtZm9vdGVyIiByb2xlPSJjb250ZW50aW5mbyI+CiAgICA8dWwgY2xhc3M9InNpdGUtZm9vdGVyLWxpbmtzIHJpZ2h0Ij4KICAgICAgICA8bGk+PGEgaHJlZj0iaHR0cHM6Ly9naXRodWIuY29tL2NvbnRhY3QiIGRhdGEtZ2EtY2xpY2s9IkZvb3RlciwgZ28gdG8gY29udGFjdCwgdGV4dDpjb250YWN0Ij5Db250YWN0IEdpdEh1YjwvYT48L2xpPgogICAgICA8bGk+PGEgaHJlZj0iaHR0cHM6Ly9kZXZlbG9wZXIuZ2l0aHViLmNvbSIgZGF0YS1nYS1jbGljaz0iRm9vdGVyLCBnbyB0byBhcGksIHRleHQ6YXBpIj5BUEk8L2E+PC9saT4KICAgICAgPGxpPjxhIGhyZWY9Imh0dHBzOi8vdHJhaW5pbmcuZ2l0aHViLmNvbSIgZGF0YS1nYS1jbGljaz0iRm9vdGVyLCBnbyB0byB0cmFpbmluZywgdGV4dDp0cmFpbmluZyI+VHJhaW5pbmc8L2E+PC9saT4KICAgICAgPGxpPjxhIGhyZWY9Imh0dHBzOi8vc2hvcC5naXRodWIuY29tIiBkYXRhLWdhLWNsaWNrPSJGb290ZXIsIGdvIHRvIHNob3AsIHRleHQ6c2hvcCI+U2hvcDwvYT48L2xpPgogICAgICAgIDxsaT48YSBocmVmPSJodHRwczovL2dpdGh1Yi5jb20vYmxvZyIgZGF0YS1nYS1jbGljaz0iRm9vdGVyLCBnbyB0byBibG9nLCB0ZXh0OmJsb2ciPkJsb2c8L2E+PC9saT4KICAgICAgICA8bGk+PGEgaHJlZj0iaHR0cHM6Ly9naXRodWIuY29tL2Fib3V0IiBkYXRhLWdhLWNsaWNrPSJGb290ZXIsIGdvIHRvIGFib3V0LCB0ZXh0OmFib3V0Ij5BYm91dDwvYT48L2xpPgoKICAgIDwvdWw+CgogICAgPGEgaHJlZj0iaHR0cHM6Ly9naXRodWIuY29tIiBhcmlhLWxhYmVsPSJIb21lcGFnZSIgY2xhc3M9InNpdGUtZm9vdGVyLW1hcmsiIHRpdGxlPSJHaXRIdWIiPgogICAgICA8c3ZnIGFyaWEtaGlkZGVuPSJ0cnVlIiBjbGFzcz0ib2N0aWNvbiBvY3RpY29uLW1hcmstZ2l0aHViIiBoZWlnaHQ9IjI0IiB2ZXJzaW9uPSIxLjEiIHZpZXdCb3g9IjAgMCAxNiAxNiIgd2lkdGg9IjI0Ij48cGF0aCBkPSJNOCAwQzMuNTggMCAwIDMuNTggMCA4YzAgMy41NCAyLjI5IDYuNTMgNS40NyA3LjU5LjQuMDcuNTUtLjE3LjU1LS4zOCAwLS4xOS0uMDEtLjgyLS4wMS0xLjQ5LTIuMDEuMzctMi41My0uNDktMi42OS0uOTQtLjA5LS4yMy0uNDgtLjk0LS44Mi0xLjEzLS4yOC0uMTUtLjY4LS41Mi0uMDEtLjUzLjYzLS4wMSAxLjA4LjU4IDEuMjMuODIuNzIgMS4yMSAxLjg3Ljg3IDIuMzMuNjYuMDctLjUyLjI4LS44Ny41MS0xLjA3LTEuNzgtLjItMy42NC0uODktMy42NC0zLjk1IDAtLjg3LjMxLTEuNTkuODItMi4xNS0uMDgtLjItLjM2LTEuMDIuMDgtMi4xMiAwIDAgLjY3LS4yMSAyLjIuODIuNjQtLjE4IDEuMzItLjI3IDItLjI3LjY4IDAgMS4zNi4wOSAyIC4yNyAxLjUzLTEuMDQgMi4yLS44MiAyLjItLjgyLjQ0IDEuMS4xNiAxLjkyLjA4IDIuMTIuNTEuNTYuODIgMS4yNy44MiAyLjE1IDAgMy4wNy0xLjg3IDMuNzUtMy42NSAzLjk1LjI5LjI1LjU0LjczLjU0IDEuNDggMCAxLjA3LS4wMSAxLjkzLS4wMSAyLjIgMCAuMjEuMTUuNDYuNTUuMzhBOC4wMTMgOC4wMTMgMCAwIDAgMTYgOGMwLTQuNDItMy41OC04LTgtOHoiPjwvcGF0aD48L3N2Zz4KPC9hPgogICAgPHVsIGNsYXNzPSJzaXRlLWZvb3Rlci1saW5rcyI+CiAgICAgIDxsaT4mY29weTsgMjAxNiA8c3BhbiB0aXRsZT0iMC4wNzA1MXMgZnJvbSBnaXRodWItZmUxNjUtY3AxLXByZC5pYWQuZ2l0aHViLm5ldCI+R2l0SHViPC9zcGFuPiwgSW5jLjwvbGk+CiAgICAgICAgPGxpPjxhIGhyZWY9Imh0dHBzOi8vZ2l0aHViLmNvbS9zaXRlL3Rlcm1zIiBkYXRhLWdhLWNsaWNrPSJGb290ZXIsIGdvIHRvIHRlcm1zLCB0ZXh0OnRlcm1zIj5UZXJtczwvYT48L2xpPgogICAgICAgIDxsaT48YSBocmVmPSJodHRwczovL2dpdGh1Yi5jb20vc2l0ZS9wcml2YWN5IiBkYXRhLWdhLWNsaWNrPSJGb290ZXIsIGdvIHRvIHByaXZhY3ksIHRleHQ6cHJpdmFjeSI+UHJpdmFjeTwvYT48L2xpPgogICAgICAgIDxsaT48YSBocmVmPSJodHRwczovL2dpdGh1Yi5jb20vc2VjdXJpdHkiIGRhdGEtZ2EtY2xpY2s9IkZvb3RlciwgZ28gdG8gc2VjdXJpdHksIHRleHQ6c2VjdXJpdHkiPlNlY3VyaXR5PC9hPjwvbGk+CiAgICAgICAgPGxpPjxhIGhyZWY9Imh0dHBzOi8vc3RhdHVzLmdpdGh1Yi5jb20vIiBkYXRhLWdhLWNsaWNrPSJGb290ZXIsIGdvIHRvIHN0YXR1cywgdGV4dDpzdGF0dXMiPlN0YXR1czwvYT48L2xpPgogICAgICAgIDxsaT48YSBocmVmPSJodHRwczovL2hlbHAuZ2l0aHViLmNvbSIgZGF0YS1nYS1jbGljaz0iRm9vdGVyLCBnbyB0byBoZWxwLCB0ZXh0OmhlbHAiPkhlbHA8L2E+PC9saT4KICAgIDwvdWw+CiAgPC9kaXY+CjwvZGl2PgoKCgogICAgCgogICAgPGRpdiBpZD0iYWpheC1lcnJvci1tZXNzYWdlIiBjbGFzcz0iYWpheC1lcnJvci1tZXNzYWdlIGZsYXNoIGZsYXNoLWVycm9yIj4KICAgICAgPHN2ZyBhcmlhLWhpZGRlbj0idHJ1ZSIgY2xhc3M9Im9jdGljb24gb2N0aWNvbi1hbGVydCIgaGVpZ2h0PSIxNiIgdmVyc2lvbj0iMS4xIiB2aWV3Qm94PSIwIDAgMTYgMTYiIHdpZHRoPSIxNiI+PHBhdGggZD0iTTguODY1IDEuNTJjLS4xOC0uMzEtLjUxLS41LS44Ny0uNXMtLjY5LjE5LS44Ny41TC4yNzUgMTMuNWMtLjE4LjMxLS4xOC42OSAwIDEgLjE5LjMxLjUyLjUuODcuNWgxMy43Yy4zNiAwIC42OS0uMTkuODYtLjUuMTctLjMxLjE4LS42OS4wMS0xTDguODY1IDEuNTJ6TTguOTk1IDEzaC0ydi0yaDJ2MnptMC0zaC0yVjZoMnY0eiI+PC9wYXRoPjwvc3ZnPgogICAgICA8YnV0dG9uIHR5cGU9ImJ1dHRvbiIgY2xhc3M9ImZsYXNoLWNsb3NlIGpzLWZsYXNoLWNsb3NlIGpzLWFqYXgtZXJyb3ItZGlzbWlzcyIgYXJpYS1sYWJlbD0iRGlzbWlzcyBlcnJvciI+CiAgICAgICAgPHN2ZyBhcmlhLWhpZGRlbj0idHJ1ZSIgY2xhc3M9Im9jdGljb24gb2N0aWNvbi14IiBoZWlnaHQ9IjE2IiB2ZXJzaW9uPSIxLjEiIHZpZXdCb3g9IjAgMCAxMiAxNiIgd2lkdGg9IjEyIj48cGF0aCBkPSJNNy40OCA4bDMuNzUgMy43NS0xLjQ4IDEuNDhMNiA5LjQ4bC0zLjc1IDMuNzUtMS40OC0xLjQ4TDQuNTIgOCAuNzcgNC4yNWwxLjQ4LTEuNDhMNiA2LjUybDMuNzUtMy43NSAxLjQ4IDEuNDh6Ij48L3BhdGg+PC9zdmc+CiAgICAgIDwvYnV0dG9uPgogICAgICBZb3UgY2FuJ3QgcGVyZm9ybSB0aGF0IGFjdGlvbiBhdCB0aGlzIHRpbWUuCiAgICA8L2Rpdj4KCgogICAgICAKICAgICAgPHNjcmlwdCBjcm9zc29yaWdpbj0iYW5vbnltb3VzIiBpbnRlZ3JpdHk9InNoYTI1Ni01SFBWUWsvNnptbDc1QXZVYnJoM0Fucyt6Y1dQSm0vdE13dEFKQlBmTU5VPSIgc3JjPSJodHRwczovL2Fzc2V0cy1jZG4uZ2l0aHViLmNvbS9hc3NldHMvZnJhbWV3b3Jrcy1lNDczZDU0MjRmZmFjZTY5N2JlNDBiZDQ2ZWI4NzcwMjdiM2VjZGM1OGYyNjZmZWQzMzBiNDAyNDEzZGYzMGQ1LmpzIj48L3NjcmlwdD4KICAgICAgPHNjcmlwdCBhc3luYz0iYXN5bmMiIGNyb3Nzb3JpZ2luPSJhbm9ueW1vdXMiIGludGVncml0eT0ic2hhMjU2LVdnVlRtaXF3VHhDcjBvZVZSdHRZaUMxMDRuaWJBV1NpT3NTLzIwTWFSaDg9IiBzcmM9Imh0dHBzOi8vYXNzZXRzLWNkbi5naXRodWIuY29tL2Fzc2V0cy9naXRodWItNWEwNTUzOWEyYWIwNGYxMGFiZDI4Nzk1NDZkYjU4ODgyZDc0ZTI3ODliMDE2NGEyM2FjNGJmZGI0MzFhNDYxZi5qcyI+PC9zY3JpcHQ+CiAgICAgIAogICAgICAKICAgICAgCiAgICAgIAogICAgICAKICAgICAgCiAgICA8ZGl2IGNsYXNzPSJqcy1zdGFsZS1zZXNzaW9uLWZsYXNoIHN0YWxlLXNlc3Npb24tZmxhc2ggZmxhc2ggZmxhc2gtd2FybiBmbGFzaC1iYW5uZXIgaGlkZGVuIj4KICAgICAgPHN2ZyBhcmlhLWhpZGRlbj0idHJ1ZSIgY2xhc3M9Im9jdGljb24gb2N0aWNvbi1hbGVydCIgaGVpZ2h0PSIxNiIgdmVyc2lvbj0iMS4xIiB2aWV3Qm94PSIwIDAgMTYgMTYiIHdpZHRoPSIxNiI+PHBhdGggZD0iTTguODY1IDEuNTJjLS4xOC0uMzEtLjUxLS41LS44Ny0uNXMtLjY5LjE5LS44Ny41TC4yNzUgMTMuNWMtLjE4LjMxLS4xOC42OSAwIDEgLjE5LjMxLjUyLjUuODcuNWgxMy43Yy4zNiAwIC42OS0uMTkuODYtLjUuMTctLjMxLjE4LS42OS4wMS0xTDguODY1IDEuNTJ6TTguOTk1IDEzaC0ydi0yaDJ2MnptMC0zaC0yVjZoMnY0eiI+PC9wYXRoPjwvc3ZnPgogICAgICA8c3BhbiBjbGFzcz0ic2lnbmVkLWluLXRhYi1mbGFzaCI+WW91IHNpZ25lZCBpbiB3aXRoIGFub3RoZXIgdGFiIG9yIHdpbmRvdy4gPGEgaHJlZj0iIj5SZWxvYWQ8L2E+IHRvIHJlZnJlc2ggeW91ciBzZXNzaW9uLjwvc3Bhbj4KICAgICAgPHNwYW4gY2xhc3M9InNpZ25lZC1vdXQtdGFiLWZsYXNoIj5Zb3Ugc2lnbmVkIG91dCBpbiBhbm90aGVyIHRhYiBvciB3aW5kb3cuIDxhIGhyZWY9IiI+UmVsb2FkPC9hPiB0byByZWZyZXNoIHlvdXIgc2Vzc2lvbi48L3NwYW4+CiAgICA8L2Rpdj4KICAgIDxkaXYgY2xhc3M9ImZhY2Vib3giIGlkPSJmYWNlYm94IiBzdHlsZT0iZGlzcGxheTpub25lOyI+CiAgPGRpdiBjbGFzcz0iZmFjZWJveC1wb3B1cCI+CiAgICA8ZGl2IGNsYXNzPSJmYWNlYm94LWNvbnRlbnQiIHJvbGU9ImRpYWxvZyIgYXJpYS1sYWJlbGxlZGJ5PSJmYWNlYm94LWhlYWRlciIgYXJpYS1kZXNjcmliZWRieT0iZmFjZWJveC1kZXNjcmlwdGlvbiI+CiAgICA8L2Rpdj4KICAgIDxidXR0b24gdHlwZT0iYnV0dG9uIiBjbGFzcz0iZmFjZWJveC1jbG9zZSBqcy1mYWNlYm94LWNsb3NlIiBhcmlhLWxhYmVsPSJDbG9zZSBtb2RhbCI+CiAgICAgIDxzdmcgYXJpYS1oaWRkZW49InRydWUiIGNsYXNzPSJvY3RpY29uIG9jdGljb24teCIgaGVpZ2h0PSIxNiIgdmVyc2lvbj0iMS4xIiB2aWV3Qm94PSIwIDAgMTIgMTYiIHdpZHRoPSIxMiI+PHBhdGggZD0iTTcuNDggOGwzLjc1IDMuNzUtMS40OCAxLjQ4TDYgOS40OGwtMy43NSAzLjc1LTEuNDgtMS40OEw0LjUyIDggLjc3IDQuMjVsMS40OC0xLjQ4TDYgNi41MmwzLjc1LTMuNzUgMS40OCAxLjQ4eiI+PC9wYXRoPjwvc3ZnPgogICAgPC9idXR0b24+CiAgPC9kaXY+CjwvZGl2PgoKICA8L2JvZHk+CjwvaHRtbD4KCg==, uri=null]]
]]></system-out>
  </testcase>
</testsuite>